DEBUG     Checking PHPLS_ALLOW_XDEBUG
DEBUG     The Xdebug extension is not loaded

[Info  - 2:14:49 PM] 7340 files total
[Info  - 2:14:49 PM] Indexing project for definitions and static references
Parsing file:///home/egan06/pribadi/laravel/pdjarum/routes/web.php
Parsing file:///home/egan06/pribadi/laravel/pdjarum/routes/api.php
Parsing file:///home/egan06/pribadi/laravel/pdjarum/routes/console.php
Parsing file:///home/egan06/pribadi/laravel/pdjarum/routes/channels.php
Parsing file:///home/egan06/pribadi/laravel/pdjarum/vendor/composer/InstalledVersions.php
Parsing file:///home/egan06/pribadi/laravel/pdjarum/vendor/composer/ClassLoader.php
Parsing file:///home/egan06/pribadi/laravel/pdjarum/vendor/composer/autoload_files.php
Parsing file:///home/egan06/pribadi/laravel/pdjarum/vendor/composer/autoload_namespaces.php
Parsing file:///home/egan06/pribadi/laravel/pdjarum/vendor/composer/installed.php
Parsing file:///home/egan06/pribadi/laravel/pdjarum/vendor/composer/autoload_static.php
[Info  - 2:14:50 PM] Ignoring file file:///home/egan06/pribadi/laravel/pdjarum/vendor/composer/autoload_static.php because it exceeds size limit of 150000 bytes (760237)
Parsing file:///home/egan06/pribadi/laravel/pdjarum/vendor/composer/autoload_classmap.php
[Info  - 2:14:50 PM] Ignoring file file:///home/egan06/pribadi/laravel/pdjarum/vendor/composer/autoload_classmap.php because it exceeds size limit of 150000 bytes (689791)
Parsing file:///home/egan06/pribadi/laravel/pdjarum/vendor/composer/platform_check.php
Parsing file:///home/egan06/pribadi/laravel/pdjarum/vendor/composer/autoload_psr4.php
Parsing file:///home/egan06/pribadi/laravel/pdjarum/vendor/composer/autoload_real.php
Parsing file:///home/egan06/pribadi/laravel/pdjarum/vendor/autoload.php
Parsing file:///home/egan06/pribadi/laravel/pdjarum/bootstrap/app.php
Parsing file:///home/egan06/pribadi/laravel/pdjarum/bootstrap/cache/packages.php
Parsing file:///home/egan06/pribadi/laravel/pdjarum/bootstrap/cache/livewire-components.php
Parsing file:///home/egan06/pribadi/laravel/pdjarum/bootstrap/cache/services.php
Parsing file:///home/egan06/pribadi/laravel/pdjarum/resources/lang/en/passwords.php
Parsing file:///home/egan06/pribadi/laravel/pdjarum/resources/lang/en/pagination.php
Parsing file:///home/egan06/pribadi/laravel/pdjarum/resources/lang/en/auth.php
Parsing file:///home/egan06/pribadi/laravel/pdjarum/resources/lang/en/validation.php
Parsing file:///home/egan06/pribadi/laravel/pdjarum/resources/views/welcome.blade.php
Parsing file:///home/egan06/pribadi/laravel/pdjarum/resources/views/navigation-menu.blade.php
Parsing file:///home/egan06/pribadi/laravel/pdjarum/resources/views/nav-menu-new.blade.php
Parsing file:///home/egan06/pribadi/laravel/pdjarum/resources/views/auth/two-factor-challenge.blade.php
Parsing file:///home/egan06/pribadi/laravel/pdjarum/resources/views/auth/verify-email.blade.php
Parsing file:///home/egan06/pribadi/laravel/pdjarum/resources/views/auth/login.blade.php
Parsing file:///home/egan06/pribadi/laravel/pdjarum/resources/views/auth/reset-password.blade.php
Parsing file:///home/egan06/pribadi/laravel/pdjarum/resources/views/auth/confirm-password.blade.php
Parsing file:///home/egan06/pribadi/laravel/pdjarum/resources/views/auth/register.blade.php
Parsing file:///home/egan06/pribadi/laravel/pdjarum/resources/views/auth/forgot-password.blade.php
Parsing file:///home/egan06/pribadi/laravel/pdjarum/resources/views/food.blade.php
Parsing file:///home/egan06/pribadi/laravel/pdjarum/resources/views/menustarts.blade.php
Parsing file:///home/egan06/pribadi/laravel/pdjarum/resources/views/livewire/map-location.blade.php
Parsing file:///home/egan06/pribadi/laravel/pdjarum/resources/views/showresto.blade.php
Parsing file:///home/egan06/pribadi/laravel/pdjarum/resources/views/api/index.blade.php
Parsing file:///home/egan06/pribadi/laravel/pdjarum/resources/views/api/api-token-manager.blade.php
Parsing file:///home/egan06/pribadi/laravel/pdjarum/resources/views/profile/two-factor-authentication-form.blade.php
Parsing file:///home/egan06/pribadi/laravel/pdjarum/resources/views/profile/logout-other-browser-sessions-form.blade.php
Parsing file:///home/egan06/pribadi/laravel/pdjarum/resources/views/profile/update-profile-information-form.blade.php
Parsing file:///home/egan06/pribadi/laravel/pdjarum/resources/views/profile/show.blade.php
Parsing file:///home/egan06/pribadi/laravel/pdjarum/resources/views/profile/update-password-form.blade.php
Parsing file:///home/egan06/pribadi/laravel/pdjarum/resources/views/profile/delete-user-form.blade.php
Parsing file:///home/egan06/pribadi/laravel/pdjarum/resources/views/terms.blade.php
Parsing file:///home/egan06/pribadi/laravel/pdjarum/resources/views/reservation.blade.php
Parsing file:///home/egan06/pribadi/laravel/pdjarum/resources/views/policy.blade.php
Parsing file:///home/egan06/pribadi/laravel/pdjarum/resources/views/showfood.blade.php
Parsing file:///home/egan06/pribadi/laravel/pdjarum/resources/views/food-show.blade.php
Parsing file:///home/egan06/pribadi/laravel/pdjarum/resources/views/layouts/app.blade.php
Parsing file:///home/egan06/pribadi/laravel/pdjarum/resources/views/layouts/guest.blade.php
Parsing file:///home/egan06/pribadi/laravel/pdjarum/resources/views/resto.blade.php
Parsing file:///home/egan06/pribadi/laravel/pdjarum/resources/views/admin/updatechef.blade.php
Parsing file:///home/egan06/pribadi/laravel/pdjarum/resources/views/admin/adminnavtop.blade.php
Parsing file:///home/egan06/pribadi/laravel/pdjarum/resources/views/admin/foodmenu.blade.php
Parsing file:///home/egan06/pribadi/laravel/pdjarum/resources/views/admin/users.blade.php
Parsing file:///home/egan06/pribadi/laravel/pdjarum/resources/views/admin/updateview.blade.php
Parsing file:///home/egan06/pribadi/laravel/pdjarum/resources/views/admin/adminreservation.blade.php
Parsing file:///home/egan06/pribadi/laravel/pdjarum/resources/views/admin/adminchef.blade.php
Parsing file:///home/egan06/pribadi/laravel/pdjarum/resources/views/admin/adminscript.blade.php
Parsing file:///home/egan06/pribadi/laravel/pdjarum/resources/views/admin/admincss.blade.php
Parsing file:///home/egan06/pribadi/laravel/pdjarum/resources/views/admin/orders.blade.php
Parsing file:///home/egan06/pribadi/laravel/pdjarum/resources/views/admin/adminmap.blade.php
Parsing file:///home/egan06/pribadi/laravel/pdjarum/resources/views/admin/adminhome.blade.php
Parsing file:///home/egan06/pribadi/laravel/pdjarum/resources/views/admin/navbar.blade.php
Parsing file:///home/egan06/pribadi/laravel/pdjarum/resources/views/foodchef.blade.php
Parsing file:///home/egan06/pribadi/laravel/pdjarum/resources/views/showcart.blade.php
Parsing file:///home/egan06/pribadi/laravel/pdjarum/resources/views/teams/team-member-manager.blade.php
Parsing file:///home/egan06/pribadi/laravel/pdjarum/resources/views/teams/delete-team-form.blade.php
Parsing file:///home/egan06/pribadi/laravel/pdjarum/resources/views/teams/create.blade.php
Parsing file:///home/egan06/pribadi/laravel/pdjarum/resources/views/teams/update-team-name-form.blade.php
Parsing file:///home/egan06/pribadi/laravel/pdjarum/resources/views/teams/show.blade.php
Parsing file:///home/egan06/pribadi/laravel/pdjarum/resources/views/teams/create-team-form.blade.php
Parsing file:///home/egan06/pribadi/laravel/pdjarum/resources/views/dashboard.blade.php
Parsing file:///home/egan06/pribadi/laravel/pdjarum/resources/views/nav-menu-home.blade.php
Parsing file:///home/egan06/pribadi/laravel/pdjarum/resources/views/test.blade.php
Parsing file:///home/egan06/pribadi/laravel/pdjarum/resources/views/home.blade.php
Parsing file:///home/egan06/pribadi/laravel/pdjarum/resources/views/gmap.blade.php
Parsing file:///home/egan06/pribadi/laravel/pdjarum/public/index.php
Parsing file:///home/egan06/pribadi/laravel/pdjarum/tests/Unit/ExampleTest.php
Parsing file:///home/egan06/pribadi/laravel/pdjarum/tests/Feature/ExampleTest.php
Parsing file:///home/egan06/pribadi/laravel/pdjarum/tests/Feature/UpdateTeamNameTest.php
Parsing file:///home/egan06/pribadi/laravel/pdjarum/tests/Feature/LeaveTeamTest.php
Parsing file:///home/egan06/pribadi/laravel/pdjarum/tests/Feature/DeleteTeamTest.php
Parsing file:///home/egan06/pribadi/laravel/pdjarum/tests/Feature/DeleteAccountTest.php
Parsing file:///home/egan06/pribadi/laravel/pdjarum/tests/Feature/ProfileInformationTest.php
Parsing file:///home/egan06/pribadi/laravel/pdjarum/tests/Feature/AuthenticationTest.php
Parsing file:///home/egan06/pribadi/laravel/pdjarum/tests/Feature/PasswordResetTest.php
Parsing file:///home/egan06/pribadi/laravel/pdjarum/tests/Feature/TwoFactorAuthenticationSettingsTest.php
Parsing file:///home/egan06/pribadi/laravel/pdjarum/tests/Feature/DeleteApiTokenTest.php
Parsing file:///home/egan06/pribadi/laravel/pdjarum/tests/Feature/RemoveTeamMemberTest.php
Parsing file:///home/egan06/pribadi/laravel/pdjarum/tests/Feature/RegistrationTest.php
Parsing file:///home/egan06/pribadi/laravel/pdjarum/tests/Feature/CreateTeamTest.php
Parsing file:///home/egan06/pribadi/laravel/pdjarum/tests/Feature/ApiTokenPermissionsTest.php
Parsing file:///home/egan06/pribadi/laravel/pdjarum/tests/Feature/PasswordConfirmationTest.php
Parsing file:///home/egan06/pribadi/laravel/pdjarum/tests/Feature/UpdateTeamMemberRoleTest.php
Parsing file:///home/egan06/pribadi/laravel/pdjarum/tests/Feature/EmailVerificationTest.php
Parsing file:///home/egan06/pribadi/laravel/pdjarum/tests/Feature/InviteTeamMemberTest.php
Parsing file:///home/egan06/pribadi/laravel/pdjarum/tests/Feature/UpdatePasswordTest.php
Parsing file:///home/egan06/pribadi/laravel/pdjarum/tests/Feature/CreateApiTokenTest.php
Parsing file:///home/egan06/pribadi/laravel/pdjarum/tests/Feature/BrowserSessionsTest.php
Parsing file:///home/egan06/pribadi/laravel/pdjarum/tests/CreatesApplication.php
Parsing file:///home/egan06/pribadi/laravel/pdjarum/tests/TestCase.php
Parsing file:///home/egan06/pribadi/laravel/pdjarum/database/factories/UserFactory.php
Parsing file:///home/egan06/pribadi/laravel/pdjarum/database/factories/TeamFactory.php
Parsing file:///home/egan06/pribadi/laravel/pdjarum/database/seeders/DatabaseSeeder.php
Parsing file:///home/egan06/pribadi/laravel/pdjarum/database/migrations/2019_08_19_000000_create_failed_jobs_table.php
Parsing file:///home/egan06/pribadi/laravel/pdjarum/database/migrations/2014_10_12_200000_add_two_factor_columns_to_users_table.php
Parsing file:///home/egan06/pribadi/laravel/pdjarum/database/migrations/2021_07_11_053537_create_orders_table.php
Parsing file:///home/egan06/pribadi/laravel/pdjarum/database/migrations/2014_10_12_100000_create_password_resets_table.php
Parsing file:///home/egan06/pribadi/laravel/pdjarum/database/migrations/2021_05_07_173958_create_sessions_table.php
Parsing file:///home/egan06/pribadi/laravel/pdjarum/database/migrations/2021_11_25_100420_add_nohp_c_to_chefs.php
Parsing file:///home/egan06/pribadi/laravel/pdjarum/database/migrations/2021_11_25_095729_add_nohp_lk_to_locations.php
Parsing file:///home/egan06/pribadi/laravel/pdjarum/database/migrations/2020_05_21_300000_create_team_invitations_table.php
Parsing file:///home/egan06/pribadi/laravel/pdjarum/database/migrations/2021_06_02_192654_create_tests_table.php
Parsing file:///home/egan06/pribadi/laravel/pdjarum/database/migrations/2020_05_21_100000_create_teams_table.php
Parsing file:///home/egan06/pribadi/laravel/pdjarum/database/migrations/2021_11_21_173956_create_food_table.php
Parsing file:///home/egan06/pribadi/laravel/pdjarum/database/migrations/2021_05_24_173716_create_foodchefs_table.php
Parsing file:///home/egan06/pribadi/laravel/pdjarum/database/migrations/2021_11_21_085730_create_location_table.php
Parsing file:///home/egan06/pribadi/laravel/pdjarum/database/migrations/2021_11_25_095952_add_nohp_fc_to_foodchefs.php
Parsing file:///home/egan06/pribadi/laravel/pdjarum/database/migrations/2021_11_25_150842_add_kategori_mkn_to_food.php
Parsing file:///home/egan06/pribadi/laravel/pdjarum/database/migrations/2020_05_21_200000_create_team_user_table.php
Parsing file:///home/egan06/pribadi/laravel/pdjarum/database/migrations/2021_05_22_182742_create_chefs_table.php
Parsing file:///home/egan06/pribadi/laravel/pdjarum/database/migrations/2021_06_04_145153_create_carts_table.php
Parsing file:///home/egan06/pribadi/laravel/pdjarum/database/migrations/2014_10_12_000000_create_users_table.php
Parsing file:///home/egan06/pribadi/laravel/pdjarum/database/migrations/2021_05_20_154711_create_reservations_table.php
Parsing file:///home/egan06/pribadi/laravel/pdjarum/database/migrations/2019_12_14_000001_create_personal_access_tokens_table.php
Parsing file:///home/egan06/pribadi/laravel/pdjarum/server.php
Parsing file:///home/egan06/pribadi/laravel/pdjarum/app/View/Components/GuestLayout.php
Parsing file:///home/egan06/pribadi/laravel/pdjarum/app/View/Components/AppLayout.php
Parsing file:///home/egan06/pribadi/laravel/pdjarum/app/Exceptions/Handler.php
Parsing file:///home/egan06/pribadi/laravel/pdjarum/app/Providers/JetstreamServiceProvider.php
Parsing file:///home/egan06/pribadi/laravel/pdjarum/app/Providers/BroadcastServiceProvider.php
Parsing file:///home/egan06/pribadi/laravel/pdjarum/app/Providers/EventServiceProvider.php
Parsing file:///home/egan06/pribadi/laravel/pdjarum/app/Providers/FortifyServiceProvider.php
Parsing file:///home/egan06/pribadi/laravel/pdjarum/app/Providers/AppServiceProvider.php
Parsing file:///home/egan06/pribadi/laravel/pdjarum/app/Providers/RouteServiceProvider.php
Parsing file:///home/egan06/pribadi/laravel/pdjarum/app/Providers/AuthServiceProvider.php
Parsing file:///home/egan06/pribadi/laravel/pdjarum/app/Policies/TeamPolicy.php
Parsing file:///home/egan06/pribadi/laravel/pdjarum/app/Models/Chef.php
Parsing file:///home/egan06/pribadi/laravel/pdjarum/app/Models/Membership.php
Parsing file:///home/egan06/pribadi/laravel/pdjarum/app/Models/TeamInvitation.php
Parsing file:///home/egan06/pribadi/laravel/pdjarum/app/Models/Order.php
Parsing file:///home/egan06/pribadi/laravel/pdjarum/app/Models/Reservation.php
Parsing file:///home/egan06/pribadi/laravel/pdjarum/app/Models/Team.php
Parsing file:///home/egan06/pribadi/laravel/pdjarum/app/Models/Locations.php
Parsing file:///home/egan06/pribadi/laravel/pdjarum/app/Models/test.php
Parsing file:///home/egan06/pribadi/laravel/pdjarum/app/Models/Foodchef.php
Parsing file:///home/egan06/pribadi/laravel/pdjarum/app/Models/User.php
Parsing file:///home/egan06/pribadi/laravel/pdjarum/app/Models/Cart.php
Parsing file:///home/egan06/pribadi/laravel/pdjarum/app/Models/Food.php
Parsing file:///home/egan06/pribadi/laravel/pdjarum/app/Actions/Jetstream/DeleteTeam.php
Parsing file:///home/egan06/pribadi/laravel/pdjarum/app/Actions/Jetstream/InviteTeamMember.php
Parsing file:///home/egan06/pribadi/laravel/pdjarum/app/Actions/Jetstream/AddTeamMember.php
Parsing file:///home/egan06/pribadi/laravel/pdjarum/app/Actions/Jetstream/UpdateTeamName.php
Parsing file:///home/egan06/pribadi/laravel/pdjarum/app/Actions/Jetstream/RemoveTeamMember.php
Parsing file:///home/egan06/pribadi/laravel/pdjarum/app/Actions/Jetstream/CreateTeam.php
Parsing file:///home/egan06/pribadi/laravel/pdjarum/app/Actions/Jetstream/DeleteUser.php
Parsing file:///home/egan06/pribadi/laravel/pdjarum/app/Actions/Fortify/CreateNewUser.php
Parsing file:///home/egan06/pribadi/laravel/pdjarum/app/Actions/Fortify/ResetUserPassword.php
Parsing file:///home/egan06/pribadi/laravel/pdjarum/app/Actions/Fortify/PasswordValidationRules.php
Parsing file:///home/egan06/pribadi/laravel/pdjarum/app/Actions/Fortify/UpdateUserPassword.php
Parsing file:///home/egan06/pribadi/laravel/pdjarum/app/Actions/Fortify/UpdateUserProfileInformation.php
Parsing file:///home/egan06/pribadi/laravel/pdjarum/app/Http/Middleware/PreventRequestsDuringMaintenance.php
Parsing file:///home/egan06/pribadi/laravel/pdjarum/app/Http/Middleware/EncryptCookies.php
Parsing file:///home/egan06/pribadi/laravel/pdjarum/app/Http/Middleware/TrustHosts.php
Parsing file:///home/egan06/pribadi/laravel/pdjarum/app/Http/Middleware/TrimStrings.php
Parsing file:///home/egan06/pribadi/laravel/pdjarum/app/Http/Middleware/TrustProxies.php
Parsing file:///home/egan06/pribadi/laravel/pdjarum/app/Http/Middleware/Authenticate.php
Parsing file:///home/egan06/pribadi/laravel/pdjarum/app/Http/Middleware/RedirectIfAuthenticated.php
Parsing file:///home/egan06/pribadi/laravel/pdjarum/app/Http/Middleware/VerifyCsrfToken.php
Parsing file:///home/egan06/pribadi/laravel/pdjarum/app/Http/Livewire/MapLocation.php
Parsing file:///home/egan06/pribadi/laravel/pdjarum/app/Http/Controllers/HomeController.php
Parsing file:///home/egan06/pribadi/laravel/pdjarum/app/Http/Controllers/LocationController.php
Parsing file:///home/egan06/pribadi/laravel/pdjarum/app/Http/Controllers/Controller.php
Parsing file:///home/egan06/pribadi/laravel/pdjarum/app/Http/Controllers/AdminController.php
Parsing file:///home/egan06/pribadi/laravel/pdjarum/app/Http/Kernel.php
Parsing file:///home/egan06/pribadi/laravel/pdjarum/app/Console/Kernel.php
Parsing file:///home/egan06/pribadi/laravel/pdjarum/storage/framework/views/590f0b6d53cd4371e5c802a1619ba46b2107f21d.php
Parsing file:///home/egan06/pribadi/laravel/pdjarum/storage/framework/views/b9f13c7241172e01ec5d59ff10f6f9e43d8668b1.php
Parsing file:///home/egan06/pribadi/laravel/pdjarum/storage/framework/views/a5548888215a945a52c25b9c66e868a9e54ab2a0.php
Parsing file:///home/egan06/pribadi/laravel/pdjarum/storage/framework/views/cfd03d803ac769be71d1946546189a68cea8fc53.php
Parsing file:///home/egan06/pribadi/laravel/pdjarum/storage/framework/views/f3b05e44d19dbaea5bf09f6803ba0bcf5147bd16.php
Parsing file:///home/egan06/pribadi/laravel/pdjarum/storage/framework/views/27caee8f8974cfb132e0aa6f8747ac5679e71224.php
Parsing file:///home/egan06/pribadi/laravel/pdjarum/storage/framework/views/9bc37ff07bd2a1ab61005bbf4fd44480fe1341a5.php
Parsing file:///home/egan06/pribadi/laravel/pdjarum/storage/framework/views/9605378a7e7028f3f070fa02d2a147a02c9c5601.php
Parsing file:///home/egan06/pribadi/laravel/pdjarum/storage/framework/views/c02f3e394bbc16f8fc9c82b32afac30669f0f9af.php
Parsing file:///home/egan06/pribadi/laravel/pdjarum/storage/framework/views/457f8abfe6845bcc66b2c1511cd912342549fb6e.php
Parsing file:///home/egan06/pribadi/laravel/pdjarum/storage/framework/views/f54d8050036a2b40e0a02f2d17856779cb3cb17c.php
Parsing file:///home/egan06/pribadi/laravel/pdjarum/storage/framework/views/d5413634ade516582878cb51dbafbbfc4ab5d8ef.php
Parsing file:///home/egan06/pribadi/laravel/pdjarum/storage/framework/views/f8da8a6fb1f6d3502362305f2c55501b134cf888.php
Parsing file:///home/egan06/pribadi/laravel/pdjarum/storage/framework/views/d38a59b6c1b945ad773f71d04a58eec86f70312f.php
Parsing file:///home/egan06/pribadi/laravel/pdjarum/storage/framework/views/da01696cbe268fc5386489cb28ee39d3467276a9.php
Parsing file:///home/egan06/pribadi/laravel/pdjarum/storage/framework/views/c0fe35bafe8c690ff821429b0060246132bd085b.php
Parsing file:///home/egan06/pribadi/laravel/pdjarum/storage/framework/views/4f3526b2dec18b2d86b23c56804a53b3a999c3f4.php
Parsing file:///home/egan06/pribadi/laravel/pdjarum/storage/framework/views/6d4326db543178f0802ef299c941b8e126331a83.php
Parsing file:///home/egan06/pribadi/laravel/pdjarum/storage/framework/views/69d7e64807cafb30c146e4bc94c75722133f5b15.php
Parsing file:///home/egan06/pribadi/laravel/pdjarum/storage/framework/views/0cbc6f15dc36302581ae59b1781dc55073dbb619.php
Parsing file:///home/egan06/pribadi/laravel/pdjarum/storage/framework/views/974d5d34ecac8f057a07883ae1d95b93ab0d57cf.php
Parsing file:///home/egan06/pribadi/laravel/pdjarum/storage/framework/views/aca1e91a3d072c12d4fe44c13cf8854cbf5cb4e7.php
Parsing file:///home/egan06/pribadi/laravel/pdjarum/storage/framework/views/855a0202f7d93db43380a6fbc2323cdc19ba1818.php
Parsing file:///home/egan06/pribadi/laravel/pdjarum/storage/framework/views/30ff8a9d50778aa6b44720f9a39a976c3df2021b.php
Parsing file:///home/egan06/pribadi/laravel/pdjarum/storage/framework/views/51313c259f578b6d560fef862a67d64c4dc91f2b.php
Parsing file:///home/egan06/pribadi/laravel/pdjarum/storage/framework/views/cbf9287ec07cd59200bc24c2036f8110a4dfa717.php
Parsing file:///home/egan06/pribadi/laravel/pdjarum/storage/framework/views/adea60da17980198aefbad989248c80cc1045258.php
Parsing file:///home/egan06/pribadi/laravel/pdjarum/storage/framework/views/5abd0da39390b13903bd2c0f71bae6816bc00687.php
Parsing file:///home/egan06/pribadi/laravel/pdjarum/storage/framework/views/e886b1994b8220ad8809ec0213e1001de5440819.php
Parsing file:///home/egan06/pribadi/laravel/pdjarum/storage/framework/views/4b607cd12462699690a54793e46cb9f7391f6835.php
Parsing file:///home/egan06/pribadi/laravel/pdjarum/storage/framework/views/87e99fc626ad787919e353a3d053c7bad76aa370.php
Parsing file:///home/egan06/pribadi/laravel/pdjarum/storage/framework/views/155006cf4528103139604a01366cab0fdd2911b0.php
Parsing file:///home/egan06/pribadi/laravel/pdjarum/storage/framework/views/c9054cfc26d9908434338eff62d7ef19397c849f.php
Parsing file:///home/egan06/pribadi/laravel/pdjarum/storage/framework/views/1542cdce6a8518f55be199751745857ce591c63e.php
Parsing file:///home/egan06/pribadi/laravel/pdjarum/storage/framework/views/0eb33ec4f4168fa5cbcd0effaa36b45b91872286.php
Parsing file:///home/egan06/pribadi/laravel/pdjarum/storage/framework/views/4b4d87eada2203dcdc29fc50186c023f6dc2c50b.php
Parsing file:///home/egan06/pribadi/laravel/pdjarum/storage/framework/views/ff1236b64797ba814779689b95fde939ce7ec869.php
Parsing file:///home/egan06/pribadi/laravel/pdjarum/storage/framework/views/4d70921bca880c3dbee870f4285fbd528f623235.php
Parsing file:///home/egan06/pribadi/laravel/pdjarum/storage/framework/views/925a92ce6cf31c20c0b4388d94cac78db1521eb8.php
Parsing file:///home/egan06/pribadi/laravel/pdjarum/storage/framework/views/6cb8272bcf403eb83d3813ca935829de049f196c.php
Parsing file:///home/egan06/pribadi/laravel/pdjarum/storage/framework/views/41c4f9262e6c1041a33f5f89b11507ceb2fe0c70.php
Parsing file:///home/egan06/pribadi/laravel/pdjarum/storage/framework/views/7a33325b53a01bc66b9171946f0bb9169022edfc.php
Parsing file:///home/egan06/pribadi/laravel/pdjarum/storage/framework/views/d2f31d5dae2b70bd4b7277bd361b76a2e4c1dc41.php
Parsing file:///home/egan06/pribadi/laravel/pdjarum/storage/framework/views/16b5fa3578afe20ddae04b963291e265e4a540da.php
Parsing file:///home/egan06/pribadi/laravel/pdjarum/storage/framework/views/76ca7432dfc6e233829a8f3f9954d12cef4efd8d.php
Parsing file:///home/egan06/pribadi/laravel/pdjarum/storage/framework/views/e977736c1e68cda3ca0de3a05a7f54c2b0b4e0ca.php
Parsing file:///home/egan06/pribadi/laravel/pdjarum/storage/framework/views/87ee7aa2d4fd16b588cf33da39085e73610a2036.php
Parsing file:///home/egan06/pribadi/laravel/pdjarum/storage/framework/views/51927f9abe8e18e4a2c6e3b7cac1bea19e34cc05.php
Parsing file:///home/egan06/pribadi/laravel/pdjarum/storage/framework/views/303512284f19f1695c8479fe4744c9304ad7ed14.php
Parsing file:///home/egan06/pribadi/laravel/pdjarum/storage/framework/views/7bff44af90a8dd5c0e195610b7504a08f07d98e2.php
Parsing file:///home/egan06/pribadi/laravel/pdjarum/storage/framework/views/048af608a44dfd4b50ccce5298d585ace1637537.php
Parsing file:///home/egan06/pribadi/laravel/pdjarum/storage/framework/views/0c2081cd5e88497801c902108e9ea4e6da79eb39.php
Parsing file:///home/egan06/pribadi/laravel/pdjarum/storage/framework/views/3dcf751a7334ad15fbe6818829b8b03ae424c6bb.php
Parsing file:///home/egan06/pribadi/laravel/pdjarum/storage/framework/views/cca7e279799d9640dea9593cd91f6cafe3627b8f.php
Parsing file:///home/egan06/pribadi/laravel/pdjarum/storage/framework/views/7d61446f2d01f83e40502922189b3ff41e2134dc.php
Parsing file:///home/egan06/pribadi/laravel/pdjarum/storage/framework/views/891db2f5813a4a47d4976697180d8087f97a5360.php
Parsing file:///home/egan06/pribadi/laravel/pdjarum/storage/framework/views/e083d8abbbed996e6c059a2285e3aefc286d4976.php
Parsing file:///home/egan06/pribadi/laravel/pdjarum/storage/framework/views/7149c6470864b3a7b16ce2e14c6a636e31333885.php
Parsing file:///home/egan06/pribadi/laravel/pdjarum/storage/framework/views/1eeaaf18ede57a4646cb62b3c726129d3e760497.php
Parsing file:///home/egan06/pribadi/laravel/pdjarum/storage/framework/views/7663dd0cd699f375783ee5be45325799289e524b.php
Parsing file:///home/egan06/pribadi/laravel/pdjarum/storage/framework/views/a1af6e1578e3ba2290bd729a5b8a69d7bc021be4.php
Parsing file:///home/egan06/pribadi/laravel/pdjarum/storage/framework/views/d2804ff6447e39f9648c2be6724bd76611edc517.php
Parsing file:///home/egan06/pribadi/laravel/pdjarum/storage/framework/views/6533ad5d571ad6fe0d08bbd554414f26dccde81e.php
Parsing file:///home/egan06/pribadi/laravel/pdjarum/storage/framework/views/42b0038babb32abe35a91b3ec0deaacd4e0def46.php
Parsing file:///home/egan06/pribadi/laravel/pdjarum/storage/framework/views/52f53b5ec5b39b9facc0125ea4a26a4cd2b6ca3f.php
Parsing file:///home/egan06/pribadi/laravel/pdjarum/storage/framework/views/e06273e4e05d52b6c1cc56f0b5cc21c4b797f04a.php
Parsing file:///home/egan06/pribadi/laravel/pdjarum/storage/framework/views/fef804a0f81aab81feed6954844216bf31e44cdb.php
Parsing file:///home/egan06/pribadi/laravel/pdjarum/storage/framework/views/a79be42db94dd5ca7a810a836560da5fc5880d78.php
Parsing file:///home/egan06/pribadi/laravel/pdjarum/storage/framework/views/4a2f32c2891fe678265996ff09f724f0ee7626f0.php
Parsing file:///home/egan06/pribadi/laravel/pdjarum/storage/framework/views/057cc886dcf6dba7b90e80788a8b6d03ec0fd3a0.php
Parsing file:///home/egan06/pribadi/laravel/pdjarum/storage/framework/views/2fbaa8f0637c5b74af869df0e8407704abfe6064.php
Parsing file:///home/egan06/pribadi/laravel/pdjarum/storage/framework/views/4d92c19f60f167380274a67a1712a0e6fbdc7f9d.php
Parsing file:///home/egan06/pribadi/laravel/pdjarum/storage/framework/views/a8f4b3951873e10d79b605a50055e6aac32bb64a.php
Parsing file:///home/egan06/pribadi/laravel/pdjarum/storage/framework/views/77b4bb5af9991958285d3c37ec8d291ead1d53c7.php
Parsing file:///home/egan06/pribadi/laravel/pdjarum/storage/framework/views/4a39cb077b1d3bc46878508ae8b0669caece075d.php
Parsing file:///home/egan06/pribadi/laravel/pdjarum/storage/framework/views/793fc44de098b613cf133e25eb24f53b40c4b124.php
Parsing file:///home/egan06/pribadi/laravel/pdjarum/storage/framework/views/486ee01928636d926460377c747ea97261b276c2.php
Parsing file:///home/egan06/pribadi/laravel/pdjarum/storage/framework/views/2cdac8fa997e285055a08b42c3326a8027d7d03a.php
Parsing file:///home/egan06/pribadi/laravel/pdjarum/storage/framework/views/37d5829ef2b53b375b2d0978337352b028822adc.php
Parsing file:///home/egan06/pribadi/laravel/pdjarum/storage/framework/views/eed45b470066e38ee7886be1f3559b49f196527f.php
Parsing file:///home/egan06/pribadi/laravel/pdjarum/storage/framework/views/2ad8b5a3e6df3d362a6300786c5dec647320818b.php
Parsing file:///home/egan06/pribadi/laravel/pdjarum/storage/framework/views/dea49e0559ad4e48269d87508b9d53e8197d469e.php
Parsing file:///home/egan06/pribadi/laravel/pdjarum/storage/framework/views/f9a82bd3ff75a1b445e1d258013b9d88cf2a72a7.php
Parsing file:///home/egan06/pribadi/laravel/pdjarum/storage/framework/views/4931aa2c21cb3f58fb3cb5e97555fd0086008163.php
Parsing file:///home/egan06/pribadi/laravel/pdjarum/storage/framework/views/38081507a8cad36c10809f5959ae88f2408dd4af.php
Parsing file:///home/egan06/pribadi/laravel/pdjarum/storage/framework/views/5a5104274cbabc33dcd84a039678ff22c0f9c27f.php
Parsing file:///home/egan06/pribadi/laravel/pdjarum/storage/framework/views/5b7fa8eaaded9f37927ca1723a1bb3076f9fdcbf.php
Parsing file:///home/egan06/pribadi/laravel/pdjarum/storage/framework/views/04c662b9d53d81654d599ee479fc47c6ec4af9c0.php
Parsing file:///home/egan06/pribadi/laravel/pdjarum/storage/framework/views/1c268471623e6ce15cd7220fb641d8cc0987ed2a.php
Parsing file:///home/egan06/pribadi/laravel/pdjarum/storage/framework/views/65901c85350cf30544466fdc922dd3f39f7e7f89.php
Parsing file:///home/egan06/pribadi/laravel/pdjarum/storage/framework/views/896f33320307b94e6ad851c5b458030a0e47ad29.php
Parsing file:///home/egan06/pribadi/laravel/pdjarum/storage/framework/views/e7074233d1e50e67d8190238675db1cb6975f8d9.php
Parsing file:///home/egan06/pribadi/laravel/pdjarum/storage/framework/views/983ab1cf457f3a0f140a5626d3ae5a14de90990d.php
Parsing file:///home/egan06/pribadi/laravel/pdjarum/storage/framework/views/c57985cb9475fe15fab329be6dfb6b208e37870f.php
Parsing file:///home/egan06/pribadi/laravel/pdjarum/storage/framework/views/49fc87e3675485203d4d8e6f3b698751de206b24.php
Parsing file:///home/egan06/pribadi/laravel/pdjarum/storage/framework/views/b8347a7f5a1de374d6e85160a903c9fd99304d90.php
Parsing file:///home/egan06/pribadi/laravel/pdjarum/storage/framework/views/4f4ea340afedfb3f95278730ccf0783209649311.php
Parsing file:///home/egan06/pribadi/laravel/pdjarum/storage/framework/views/a287721ea48951f4f78d5cdd3b1e93860ab083fe.php
Parsing file:///home/egan06/pribadi/laravel/pdjarum/storage/framework/views/edbd1893492e9d1f608c32c3c4ffedf553cb424a.php
Parsing file:///home/egan06/pribadi/laravel/pdjarum/storage/framework/views/d7735bcf197e11141b6fca3c969ca9be40ff0e39.php
Parsing file:///home/egan06/pribadi/laravel/pdjarum/storage/framework/views/a6616ed1f31f0cf98524e4128206ba06502667e4.php
Parsing file:///home/egan06/pribadi/laravel/pdjarum/storage/framework/views/9f538d2ddcc3b8189e3d2581a9c7ad3b1b1312eb.php
Parsing file:///home/egan06/pribadi/laravel/pdjarum/storage/framework/views/db3ec48787e88d181c23e04ee6af4ed487478208.php
Parsing file:///home/egan06/pribadi/laravel/pdjarum/storage/framework/views/da61a96433e9fd460d73cb5a3932c46721d0baf6.php
Parsing file:///home/egan06/pribadi/laravel/pdjarum/storage/framework/views/f76be395ea4e562eacfb974a38cafb59b0ea00c3.php
Parsing file:///home/egan06/pribadi/laravel/pdjarum/storage/framework/views/a7aa690a5aad8992556ededfc6512b7279bff57a.php
Parsing file:///home/egan06/pribadi/laravel/pdjarum/storage/framework/views/b46fb9b3ba66495769d4ded8030eecc9a07caff5.php
Parsing file:///home/egan06/pribadi/laravel/pdjarum/storage/framework/views/9a1a0ff5806ed0ac2cacc8ca0574078dcbdf5243.php
Parsing file:///home/egan06/pribadi/laravel/pdjarum/storage/framework/views/9e519f685962798b21214f69fb4fcf886302d314.php
Parsing file:///home/egan06/pribadi/laravel/pdjarum/storage/framework/views/2b17fdd08aadad07feb741ca7cb4ce7f96c34831.php
Parsing file:///home/egan06/pribadi/laravel/pdjarum/storage/framework/views/05707b80bfcbd44eff041be4e88edf44959dc052.php
Parsing file:///home/egan06/pribadi/laravel/pdjarum/storage/framework/views/a1d9d4b83670c7a21b90a434ffba16971702cf48.php
Parsing file:///home/egan06/pribadi/laravel/pdjarum/storage/framework/views/75ace8cc3861369bed8892f36028165dd7464fcb.php
Parsing file:///home/egan06/pribadi/laravel/pdjarum/storage/framework/views/119a75957649353783f619ee6836a5db8c441dc0.php
Parsing file:///home/egan06/pribadi/laravel/pdjarum/storage/framework/views/4c3eb16da5864c6a277a695b5bb3dfab6598ff9e.php
Parsing file:///home/egan06/pribadi/laravel/pdjarum/storage/framework/views/7c6f712ded3fc805c0122567a2ac2acb677d1137.php
Parsing file:///home/egan06/pribadi/laravel/pdjarum/storage/framework/views/688357132f4c676c2fe124e17a33e8b933bceb9a.php
Parsing file:///home/egan06/pribadi/laravel/pdjarum/storage/framework/views/01e75f9ad4c9e2f2237e2486bc3c6fc83df5bf83.php
Parsing file:///home/egan06/pribadi/laravel/pdjarum/storage/framework/views/d8a1b770f37b77e68eab0d9e82704fcd6ece19a4.php
Parsing file:///home/egan06/pribadi/laravel/pdjarum/storage/framework/views/da9da12e17e7deeada7c43c002a744b42ddf06a2.php
Parsing file:///home/egan06/pribadi/laravel/pdjarum/storage/framework/views/48b7a381aa86d40ab1cde3563165cfae07c5dfe9.php
Parsing file:///home/egan06/pribadi/laravel/pdjarum/storage/framework/views/b148ee5afc2cd9a6b1808bbf540fc55bf5362e5a.php
Parsing file:///home/egan06/pribadi/laravel/pdjarum/storage/framework/views/c1254ab0f7eafdab8bfb39475b6adb19afe500f7.php
Parsing file:///home/egan06/pribadi/laravel/pdjarum/storage/framework/views/f4bbd454356c35ad1bcdd5ac3d79201a943c557c.php
Parsing file:///home/egan06/pribadi/laravel/pdjarum/storage/framework/views/5aa9ad5304418b20fe2ceb9a25cfcec3ef183b38.php
Parsing file:///home/egan06/pribadi/laravel/pdjarum/storage/framework/views/8032a523ab9a766d38b00005c91bdcd801758e87.php
Parsing file:///home/egan06/pribadi/laravel/pdjarum/storage/framework/views/7a17718b90f81a34edbc260a4f19a39b5f51ec3e.php
Parsing file:///home/egan06/pribadi/laravel/pdjarum/storage/framework/views/542f008adf48848e80c2ad2cd0614345a159f332.php
Parsing file:///home/egan06/pribadi/laravel/pdjarum/storage/framework/views/2dc810aa0ea2d5e839d04edfdf17819d102357bc.php
Parsing file:///home/egan06/pribadi/laravel/pdjarum/storage/framework/views/f7ed705552e34983b67d2786f91514f787c0dee5.php
Parsing file:///home/egan06/pribadi/laravel/pdjarum/storage/framework/views/43a21f690eb82a72f3dd518dab91162e5c1029cf.php
Parsing file:///home/egan06/pribadi/laravel/pdjarum/storage/framework/views/ba50651c72db665e0274f5956eb8a2506d3b4617.php
Parsing file:///home/egan06/pribadi/laravel/pdjarum/storage/framework/views/626e1ffce0ebe7e217c104d0c5a37a49bc104e02.php
Parsing file:///home/egan06/pribadi/laravel/pdjarum/storage/framework/views/d3bbe23022d757fbc4f27711a627a8f33fca83a4.php
Parsing file:///home/egan06/pribadi/laravel/pdjarum/storage/framework/views/b547f001fdf2ad810253c750945b393aa38e0598.php
Parsing file:///home/egan06/pribadi/laravel/pdjarum/storage/framework/views/8f46712540b4815ff14e47e14eaca6928d45c6cc.php
Parsing file:///home/egan06/pribadi/laravel/pdjarum/storage/framework/views/e849721d6b0b8bcb5747f8369627e6b041f71cc2.php
Parsing file:///home/egan06/pribadi/laravel/pdjarum/storage/framework/views/e73bea3e4398c9bae81030286d633ef47dfc46e1.php
Parsing file:///home/egan06/pribadi/laravel/pdjarum/storage/framework/views/e582982f81231ddba37c666fd26f43c774d59c25.php
Parsing file:///home/egan06/pribadi/laravel/pdjarum/storage/framework/views/4a73a4982ab8432a325f61d6b706ad85c33d9431.php
Parsing file:///home/egan06/pribadi/laravel/pdjarum/storage/framework/views/d435cedc18ea9631fbc42b7b0d653c672dd54d0a.php
Parsing file:///home/egan06/pribadi/laravel/pdjarum/storage/framework/views/08389d263d91391487078c47fd0ea5697158e882.php
Parsing file:///home/egan06/pribadi/laravel/pdjarum/storage/framework/views/fcc5b6e67c8f6a097bd69d9c6f997245efdbd275.php
Parsing file:///home/egan06/pribadi/laravel/pdjarum/storage/framework/views/e842a33fd1340f1bcea0c953a3682a55b7054e69.php
Parsing file:///home/egan06/pribadi/laravel/pdjarum/storage/framework/views/792f96377d5a3348bb89c572a9ba9d797c1c582b.php
Parsing file:///home/egan06/pribadi/laravel/pdjarum/storage/framework/views/73ba60ffe52f62f714e61c3265e743192cf54eee.php
Parsing file:///home/egan06/pribadi/laravel/pdjarum/storage/framework/views/1b9e8f86a454e0c7292553e1cd0d40678831040c.php
Parsing file:///home/egan06/pribadi/laravel/pdjarum/storage/framework/views/d2d1b8c5d1a9ac937c40bc596ec86dc584b8196b.php
Parsing file:///home/egan06/pribadi/laravel/pdjarum/storage/framework/views/d4bd2de2bc8a979a011aac3135274bc934bad445.php
Parsing file:///home/egan06/pribadi/laravel/pdjarum/storage/framework/views/2549eb4c025a0b810472c901d12f44b96845c469.php
Parsing file:///home/egan06/pribadi/laravel/pdjarum/storage/framework/views/4f040ff8758b5229531f7bf6f4bac8a2ae83d5c7.php
Parsing file:///home/egan06/pribadi/laravel/pdjarum/storage/framework/views/e06d1466915121c748b98946726b54f97ca0d05e.php
Parsing file:///home/egan06/pribadi/laravel/pdjarum/storage/framework/views/992da983c1e0ff5c48a8e3aef722019fbd1e1b65.php
Parsing file:///home/egan06/pribadi/laravel/pdjarum/storage/framework/views/9831fd4d58fb9ae78a07c1131a1b2b959dc08ec9.php
Parsing file:///home/egan06/pribadi/laravel/pdjarum/storage/framework/views/0ab2f6f344e96ec8bcecb8d6e58d1eeb27460390.php
Parsing file:///home/egan06/pribadi/laravel/pdjarum/storage/framework/views/fbe2bfc74143023a5b6f28cfd0ba181fd922252d.php
Parsing file:///home/egan06/pribadi/laravel/pdjarum/storage/framework/views/48810902af3a52be2766d2a2189a4c4d5376ec0b.php
Parsing file:///home/egan06/pribadi/laravel/pdjarum/storage/framework/views/7748860d164aac0cc512a9dafd8c69b3db25b669.php
Parsing file:///home/egan06/pribadi/laravel/pdjarum/storage/framework/views/fa884d4f2706942f7072eec9a646ab2ff72537e1.php
Parsing file:///home/egan06/pribadi/laravel/pdjarum/storage/framework/views/571fc29d1aaf3e06cd16faf4383153b55079f171.php
Parsing file:///home/egan06/pribadi/laravel/pdjarum/storage/framework/views/233713d6957d7c153f9426a0ae87fe1c9150437c.php
Parsing file:///home/egan06/pribadi/laravel/pdjarum/storage/framework/views/0c2617eda9cb443ad25d7b1c94e61f29f73f0939.php
Parsing file:///home/egan06/pribadi/laravel/pdjarum/storage/framework/views/4a742c1799f8d86e7bc0c7374fa5721367917580.php
Parsing file:///home/egan06/pribadi/laravel/pdjarum/storage/framework/views/8fdf75141310ce3288ab4ad95be8d6b0c04c097c.php
Parsing file:///home/egan06/pribadi/laravel/pdjarum/storage/framework/views/ba222ee6a7a89fbd81bc98f8e4bf7e7ae72aa217.php
Parsing file:///home/egan06/pribadi/laravel/pdjarum/storage/framework/views/9c27d2a6aaa37570995764d66f787e4db8d2778d.php
Parsing file:///home/egan06/pribadi/laravel/pdjarum/storage/framework/views/7e1b44df388d71a3f7aa995a0825809ba312e9a7.php
Parsing file:///home/egan06/pribadi/laravel/pdjarum/storage/framework/views/607b68424027f79084661bc81608cf6470a2a134.php
Parsing file:///home/egan06/pribadi/laravel/pdjarum/storage/framework/views/b61bc44236249a814eaa26bdaa75e90164f91987.php
Parsing file:///home/egan06/pribadi/laravel/pdjarum/storage/framework/views/5af7544786767d217c2fa54200941b97b91aa8b4.php
Parsing file:///home/egan06/pribadi/laravel/pdjarum/storage/framework/views/9062e6aa2f1a76c6bdd7017d9fbbbf3d27a48fbc.php
Parsing file:///home/egan06/pribadi/laravel/pdjarum/storage/framework/views/644791b20ac6845e4f37918c28e3ebad1a48ae43.php
Parsing file:///home/egan06/pribadi/laravel/pdjarum/storage/framework/views/c2a31e109f296af4915760e46e2ffdd0dbddb989.php
Parsing file:///home/egan06/pribadi/laravel/pdjarum/storage/framework/views/273954a1b4c540f787c2fed585544d3983720524.php
Parsing file:///home/egan06/pribadi/laravel/pdjarum/storage/framework/views/ccc35987fafe32e5d45e2aad62730efb9beec501.php
Parsing file:///home/egan06/pribadi/laravel/pdjarum/storage/framework/views/abe7bc5df84066cd16e0088e8a274907e5e85c6e.php
Parsing file:///home/egan06/pribadi/laravel/pdjarum/storage/framework/views/44aeff18136d709d6d6b37e34eaec6658b91e2fb.php
Parsing file:///home/egan06/pribadi/laravel/pdjarum/storage/framework/views/1605c10d7d3fad76c5dc1bcc299c3d0269aca325.php
Parsing file:///home/egan06/pribadi/laravel/pdjarum/config/view.php
Parsing file:///home/egan06/pribadi/laravel/pdjarum/config/hashing.php
Parsing file:///home/egan06/pribadi/laravel/pdjarum/config/googlemap.php
Parsing file:///home/egan06/pribadi/laravel/pdjarum/config/app.php
Parsing file:///home/egan06/pribadi/laravel/pdjarum/config/broadcasting.php
Parsing file:///home/egan06/pribadi/laravel/pdjarum/config/cors.php
Parsing file:///home/egan06/pribadi/laravel/pdjarum/config/database.php
Parsing file:///home/egan06/pribadi/laravel/pdjarum/config/filesystems.php
Parsing file:///home/egan06/pribadi/laravel/pdjarum/config/session.php
Parsing file:///home/egan06/pribadi/laravel/pdjarum/config/cache.php
Parsing file:///home/egan06/pribadi/laravel/pdjarum/config/queue.php
Parsing file:///home/egan06/pribadi/laravel/pdjarum/config/auth.php
Parsing file:///home/egan06/pribadi/laravel/pdjarum/config/logging.php
Parsing file:///home/egan06/pribadi/laravel/pdjarum/config/mail.php
Parsing file:///home/egan06/pribadi/laravel/pdjarum/config/fortify.php
Parsing file:///home/egan06/pribadi/laravel/pdjarum/config/sanctum.php
Parsing file:///home/egan06/pribadi/laravel/pdjarum/config/jetstream.php
Parsing file:///home/egan06/pribadi/laravel/pdjarum/config/services.php
[Info  - 2:14:56 PM] Indexing project for dynamic references
Parsing file:///home/egan06/pribadi/laravel/pdjarum/routes/web.php
Parsing file:///home/egan06/pribadi/laravel/pdjarum/routes/api.php
Parsing file:///home/egan06/pribadi/laravel/pdjarum/routes/console.php
Parsing file:///home/egan06/pribadi/laravel/pdjarum/routes/channels.php
Parsing file:///home/egan06/pribadi/laravel/pdjarum/vendor/composer/InstalledVersions.php
Parsing file:///home/egan06/pribadi/laravel/pdjarum/vendor/composer/ClassLoader.php
Parsing file:///home/egan06/pribadi/laravel/pdjarum/vendor/composer/autoload_files.php
Parsing file:///home/egan06/pribadi/laravel/pdjarum/vendor/composer/autoload_namespaces.php
Parsing file:///home/egan06/pribadi/laravel/pdjarum/vendor/composer/installed.php
Parsing file:///home/egan06/pribadi/laravel/pdjarum/vendor/composer/autoload_static.php
[Info  - 2:14:57 PM] Ignoring file file:///home/egan06/pribadi/laravel/pdjarum/vendor/composer/autoload_static.php because it exceeds size limit of 150000 bytes (760237)
Parsing file:///home/egan06/pribadi/laravel/pdjarum/vendor/composer/autoload_classmap.php
[Info  - 2:14:57 PM] Ignoring file file:///home/egan06/pribadi/laravel/pdjarum/vendor/composer/autoload_classmap.php because it exceeds size limit of 150000 bytes (689791)
Parsing file:///home/egan06/pribadi/laravel/pdjarum/vendor/composer/platform_check.php
Parsing file:///home/egan06/pribadi/laravel/pdjarum/vendor/composer/autoload_psr4.php
Parsing file:///home/egan06/pribadi/laravel/pdjarum/vendor/composer/autoload_real.php
Parsing file:///home/egan06/pribadi/laravel/pdjarum/vendor/autoload.php
Parsing file:///home/egan06/pribadi/laravel/pdjarum/bootstrap/app.php
Parsing file:///home/egan06/pribadi/laravel/pdjarum/bootstrap/cache/packages.php
Parsing file:///home/egan06/pribadi/laravel/pdjarum/bootstrap/cache/livewire-components.php
Parsing file:///home/egan06/pribadi/laravel/pdjarum/bootstrap/cache/services.php
Parsing file:///home/egan06/pribadi/laravel/pdjarum/resources/lang/en/passwords.php
Parsing file:///home/egan06/pribadi/laravel/pdjarum/resources/lang/en/pagination.php
Parsing file:///home/egan06/pribadi/laravel/pdjarum/resources/lang/en/auth.php
Parsing file:///home/egan06/pribadi/laravel/pdjarum/resources/lang/en/validation.php
Parsing file:///home/egan06/pribadi/laravel/pdjarum/resources/views/welcome.blade.php
Parsing file:///home/egan06/pribadi/laravel/pdjarum/resources/views/navigation-menu.blade.php
Parsing file:///home/egan06/pribadi/laravel/pdjarum/resources/views/nav-menu-new.blade.php
Parsing file:///home/egan06/pribadi/laravel/pdjarum/resources/views/auth/two-factor-challenge.blade.php
Parsing file:///home/egan06/pribadi/laravel/pdjarum/resources/views/auth/verify-email.blade.php
Parsing file:///home/egan06/pribadi/laravel/pdjarum/resources/views/auth/login.blade.php
Parsing file:///home/egan06/pribadi/laravel/pdjarum/resources/views/auth/reset-password.blade.php
Parsing file:///home/egan06/pribadi/laravel/pdjarum/resources/views/auth/confirm-password.blade.php
Parsing file:///home/egan06/pribadi/laravel/pdjarum/resources/views/auth/register.blade.php
Parsing file:///home/egan06/pribadi/laravel/pdjarum/resources/views/auth/forgot-password.blade.php
Parsing file:///home/egan06/pribadi/laravel/pdjarum/resources/views/food.blade.php
Parsing file:///home/egan06/pribadi/laravel/pdjarum/resources/views/menustarts.blade.php
Parsing file:///home/egan06/pribadi/laravel/pdjarum/resources/views/livewire/map-location.blade.php
Parsing file:///home/egan06/pribadi/laravel/pdjarum/resources/views/showresto.blade.php
Parsing file:///home/egan06/pribadi/laravel/pdjarum/resources/views/api/index.blade.php
Parsing file:///home/egan06/pribadi/laravel/pdjarum/resources/views/api/api-token-manager.blade.php
Parsing file:///home/egan06/pribadi/laravel/pdjarum/resources/views/profile/two-factor-authentication-form.blade.php
Parsing file:///home/egan06/pribadi/laravel/pdjarum/resources/views/profile/logout-other-browser-sessions-form.blade.php
Parsing file:///home/egan06/pribadi/laravel/pdjarum/resources/views/profile/update-profile-information-form.blade.php
Parsing file:///home/egan06/pribadi/laravel/pdjarum/resources/views/profile/show.blade.php
Parsing file:///home/egan06/pribadi/laravel/pdjarum/resources/views/profile/update-password-form.blade.php
Parsing file:///home/egan06/pribadi/laravel/pdjarum/resources/views/profile/delete-user-form.blade.php
Parsing file:///home/egan06/pribadi/laravel/pdjarum/resources/views/terms.blade.php
Parsing file:///home/egan06/pribadi/laravel/pdjarum/resources/views/reservation.blade.php
Parsing file:///home/egan06/pribadi/laravel/pdjarum/resources/views/policy.blade.php
Parsing file:///home/egan06/pribadi/laravel/pdjarum/resources/views/showfood.blade.php
Parsing file:///home/egan06/pribadi/laravel/pdjarum/resources/views/food-show.blade.php
Parsing file:///home/egan06/pribadi/laravel/pdjarum/resources/views/layouts/app.blade.php
Parsing file:///home/egan06/pribadi/laravel/pdjarum/resources/views/layouts/guest.blade.php
Parsing file:///home/egan06/pribadi/laravel/pdjarum/resources/views/resto.blade.php
Parsing file:///home/egan06/pribadi/laravel/pdjarum/resources/views/admin/updatechef.blade.php
Parsing file:///home/egan06/pribadi/laravel/pdjarum/resources/views/admin/adminnavtop.blade.php
Parsing file:///home/egan06/pribadi/laravel/pdjarum/resources/views/admin/foodmenu.blade.php
Parsing file:///home/egan06/pribadi/laravel/pdjarum/resources/views/admin/users.blade.php
Parsing file:///home/egan06/pribadi/laravel/pdjarum/resources/views/admin/updateview.blade.php
Parsing file:///home/egan06/pribadi/laravel/pdjarum/resources/views/admin/adminreservation.blade.php
Parsing file:///home/egan06/pribadi/laravel/pdjarum/resources/views/admin/adminchef.blade.php
Parsing file:///home/egan06/pribadi/laravel/pdjarum/resources/views/admin/adminscript.blade.php
Parsing file:///home/egan06/pribadi/laravel/pdjarum/resources/views/admin/admincss.blade.php
Parsing file:///home/egan06/pribadi/laravel/pdjarum/resources/views/admin/orders.blade.php
Parsing file:///home/egan06/pribadi/laravel/pdjarum/resources/views/admin/adminmap.blade.php
Parsing file:///home/egan06/pribadi/laravel/pdjarum/resources/views/admin/adminhome.blade.php
Parsing file:///home/egan06/pribadi/laravel/pdjarum/resources/views/admin/navbar.blade.php
Parsing file:///home/egan06/pribadi/laravel/pdjarum/resources/views/foodchef.blade.php
Parsing file:///home/egan06/pribadi/laravel/pdjarum/resources/views/showcart.blade.php
Parsing file:///home/egan06/pribadi/laravel/pdjarum/resources/views/teams/team-member-manager.blade.php
Parsing file:///home/egan06/pribadi/laravel/pdjarum/resources/views/teams/delete-team-form.blade.php
Parsing file:///home/egan06/pribadi/laravel/pdjarum/resources/views/teams/create.blade.php
Parsing file:///home/egan06/pribadi/laravel/pdjarum/resources/views/teams/update-team-name-form.blade.php
Parsing file:///home/egan06/pribadi/laravel/pdjarum/resources/views/teams/show.blade.php
Parsing file:///home/egan06/pribadi/laravel/pdjarum/resources/views/teams/create-team-form.blade.php
Parsing file:///home/egan06/pribadi/laravel/pdjarum/resources/views/dashboard.blade.php
Parsing file:///home/egan06/pribadi/laravel/pdjarum/resources/views/nav-menu-home.blade.php
Parsing file:///home/egan06/pribadi/laravel/pdjarum/resources/views/test.blade.php
Parsing file:///home/egan06/pribadi/laravel/pdjarum/resources/views/home.blade.php
Parsing file:///home/egan06/pribadi/laravel/pdjarum/resources/views/gmap.blade.php
Parsing file:///home/egan06/pribadi/laravel/pdjarum/public/index.php
Parsing file:///home/egan06/pribadi/laravel/pdjarum/tests/Unit/ExampleTest.php
Parsing file:///home/egan06/pribadi/laravel/pdjarum/tests/Feature/ExampleTest.php
Parsing file:///home/egan06/pribadi/laravel/pdjarum/tests/Feature/UpdateTeamNameTest.php
Parsing file:///home/egan06/pribadi/laravel/pdjarum/tests/Feature/LeaveTeamTest.php
Parsing file:///home/egan06/pribadi/laravel/pdjarum/tests/Feature/DeleteTeamTest.php
Parsing file:///home/egan06/pribadi/laravel/pdjarum/tests/Feature/DeleteAccountTest.php
Parsing file:///home/egan06/pribadi/laravel/pdjarum/tests/Feature/ProfileInformationTest.php
Parsing file:///home/egan06/pribadi/laravel/pdjarum/tests/Feature/AuthenticationTest.php
Parsing file:///home/egan06/pribadi/laravel/pdjarum/tests/Feature/PasswordResetTest.php
Parsing file:///home/egan06/pribadi/laravel/pdjarum/tests/Feature/TwoFactorAuthenticationSettingsTest.php
Parsing file:///home/egan06/pribadi/laravel/pdjarum/tests/Feature/DeleteApiTokenTest.php
Parsing file:///home/egan06/pribadi/laravel/pdjarum/tests/Feature/RemoveTeamMemberTest.php
Parsing file:///home/egan06/pribadi/laravel/pdjarum/tests/Feature/RegistrationTest.php
Parsing file:///home/egan06/pribadi/laravel/pdjarum/tests/Feature/CreateTeamTest.php
Parsing file:///home/egan06/pribadi/laravel/pdjarum/tests/Feature/ApiTokenPermissionsTest.php
Parsing file:///home/egan06/pribadi/laravel/pdjarum/tests/Feature/PasswordConfirmationTest.php
Parsing file:///home/egan06/pribadi/laravel/pdjarum/tests/Feature/UpdateTeamMemberRoleTest.php
Parsing file:///home/egan06/pribadi/laravel/pdjarum/tests/Feature/EmailVerificationTest.php
Parsing file:///home/egan06/pribadi/laravel/pdjarum/tests/Feature/InviteTeamMemberTest.php
Parsing file:///home/egan06/pribadi/laravel/pdjarum/tests/Feature/UpdatePasswordTest.php
Parsing file:///home/egan06/pribadi/laravel/pdjarum/tests/Feature/CreateApiTokenTest.php
Parsing file:///home/egan06/pribadi/laravel/pdjarum/tests/Feature/BrowserSessionsTest.php
Parsing file:///home/egan06/pribadi/laravel/pdjarum/tests/CreatesApplication.php
Parsing file:///home/egan06/pribadi/laravel/pdjarum/tests/TestCase.php
Parsing file:///home/egan06/pribadi/laravel/pdjarum/database/factories/UserFactory.php
Parsing file:///home/egan06/pribadi/laravel/pdjarum/database/factories/TeamFactory.php
Parsing file:///home/egan06/pribadi/laravel/pdjarum/database/seeders/DatabaseSeeder.php
Parsing file:///home/egan06/pribadi/laravel/pdjarum/database/migrations/2019_08_19_000000_create_failed_jobs_table.php
Parsing file:///home/egan06/pribadi/laravel/pdjarum/database/migrations/2014_10_12_200000_add_two_factor_columns_to_users_table.php
Parsing file:///home/egan06/pribadi/laravel/pdjarum/database/migrations/2021_07_11_053537_create_orders_table.php
Parsing file:///home/egan06/pribadi/laravel/pdjarum/database/migrations/2014_10_12_100000_create_password_resets_table.php
Parsing file:///home/egan06/pribadi/laravel/pdjarum/database/migrations/2021_05_07_173958_create_sessions_table.php
Parsing file:///home/egan06/pribadi/laravel/pdjarum/database/migrations/2021_11_25_100420_add_nohp_c_to_chefs.php
Parsing file:///home/egan06/pribadi/laravel/pdjarum/database/migrations/2021_11_25_095729_add_nohp_lk_to_locations.php
Parsing file:///home/egan06/pribadi/laravel/pdjarum/database/migrations/2020_05_21_300000_create_team_invitations_table.php
Parsing file:///home/egan06/pribadi/laravel/pdjarum/database/migrations/2021_06_02_192654_create_tests_table.php
Parsing file:///home/egan06/pribadi/laravel/pdjarum/database/migrations/2020_05_21_100000_create_teams_table.php
Parsing file:///home/egan06/pribadi/laravel/pdjarum/database/migrations/2021_11_21_173956_create_food_table.php
Parsing file:///home/egan06/pribadi/laravel/pdjarum/database/migrations/2021_05_24_173716_create_foodchefs_table.php
Parsing file:///home/egan06/pribadi/laravel/pdjarum/database/migrations/2021_11_21_085730_create_location_table.php
Parsing file:///home/egan06/pribadi/laravel/pdjarum/database/migrations/2021_11_25_095952_add_nohp_fc_to_foodchefs.php
Parsing file:///home/egan06/pribadi/laravel/pdjarum/database/migrations/2021_11_25_150842_add_kategori_mkn_to_food.php
Parsing file:///home/egan06/pribadi/laravel/pdjarum/database/migrations/2020_05_21_200000_create_team_user_table.php
Parsing file:///home/egan06/pribadi/laravel/pdjarum/database/migrations/2021_05_22_182742_create_chefs_table.php
Parsing file:///home/egan06/pribadi/laravel/pdjarum/database/migrations/2021_06_04_145153_create_carts_table.php
Parsing file:///home/egan06/pribadi/laravel/pdjarum/database/migrations/2014_10_12_000000_create_users_table.php
Parsing file:///home/egan06/pribadi/laravel/pdjarum/database/migrations/2021_05_20_154711_create_reservations_table.php
Parsing file:///home/egan06/pribadi/laravel/pdjarum/database/migrations/2019_12_14_000001_create_personal_access_tokens_table.php
Parsing file:///home/egan06/pribadi/laravel/pdjarum/server.php
Parsing file:///home/egan06/pribadi/laravel/pdjarum/app/View/Components/GuestLayout.php
Parsing file:///home/egan06/pribadi/laravel/pdjarum/app/View/Components/AppLayout.php
Parsing file:///home/egan06/pribadi/laravel/pdjarum/app/Exceptions/Handler.php
Parsing file:///home/egan06/pribadi/laravel/pdjarum/app/Providers/JetstreamServiceProvider.php
Parsing file:///home/egan06/pribadi/laravel/pdjarum/app/Providers/BroadcastServiceProvider.php
Parsing file:///home/egan06/pribadi/laravel/pdjarum/app/Providers/EventServiceProvider.php
Parsing file:///home/egan06/pribadi/laravel/pdjarum/app/Providers/FortifyServiceProvider.php
Parsing file:///home/egan06/pribadi/laravel/pdjarum/app/Providers/AppServiceProvider.php
Parsing file:///home/egan06/pribadi/laravel/pdjarum/app/Providers/RouteServiceProvider.php
Parsing file:///home/egan06/pribadi/laravel/pdjarum/app/Providers/AuthServiceProvider.php
Parsing file:///home/egan06/pribadi/laravel/pdjarum/app/Policies/TeamPolicy.php
Parsing file:///home/egan06/pribadi/laravel/pdjarum/app/Models/Chef.php
Parsing file:///home/egan06/pribadi/laravel/pdjarum/app/Models/Membership.php
Parsing file:///home/egan06/pribadi/laravel/pdjarum/app/Models/TeamInvitation.php
Parsing file:///home/egan06/pribadi/laravel/pdjarum/app/Models/Order.php
Parsing file:///home/egan06/pribadi/laravel/pdjarum/app/Models/Reservation.php
Parsing file:///home/egan06/pribadi/laravel/pdjarum/app/Models/Team.php
Parsing file:///home/egan06/pribadi/laravel/pdjarum/app/Models/Locations.php
Parsing file:///home/egan06/pribadi/laravel/pdjarum/app/Models/test.php
Parsing file:///home/egan06/pribadi/laravel/pdjarum/app/Models/Foodchef.php
Parsing file:///home/egan06/pribadi/laravel/pdjarum/app/Models/User.php
Parsing file:///home/egan06/pribadi/laravel/pdjarum/app/Models/Cart.php
Parsing file:///home/egan06/pribadi/laravel/pdjarum/app/Models/Food.php
Parsing file:///home/egan06/pribadi/laravel/pdjarum/app/Actions/Jetstream/DeleteTeam.php
Parsing file:///home/egan06/pribadi/laravel/pdjarum/app/Actions/Jetstream/InviteTeamMember.php
Parsing file:///home/egan06/pribadi/laravel/pdjarum/app/Actions/Jetstream/AddTeamMember.php
Parsing file:///home/egan06/pribadi/laravel/pdjarum/app/Actions/Jetstream/UpdateTeamName.php
Parsing file:///home/egan06/pribadi/laravel/pdjarum/app/Actions/Jetstream/RemoveTeamMember.php
Parsing file:///home/egan06/pribadi/laravel/pdjarum/app/Actions/Jetstream/CreateTeam.php
Parsing file:///home/egan06/pribadi/laravel/pdjarum/app/Actions/Jetstream/DeleteUser.php
Parsing file:///home/egan06/pribadi/laravel/pdjarum/app/Actions/Fortify/CreateNewUser.php
Parsing file:///home/egan06/pribadi/laravel/pdjarum/app/Actions/Fortify/ResetUserPassword.php
Parsing file:///home/egan06/pribadi/laravel/pdjarum/app/Actions/Fortify/PasswordValidationRules.php
Parsing file:///home/egan06/pribadi/laravel/pdjarum/app/Actions/Fortify/UpdateUserPassword.php
Parsing file:///home/egan06/pribadi/laravel/pdjarum/app/Actions/Fortify/UpdateUserProfileInformation.php
Parsing file:///home/egan06/pribadi/laravel/pdjarum/app/Http/Middleware/PreventRequestsDuringMaintenance.php
Parsing file:///home/egan06/pribadi/laravel/pdjarum/app/Http/Middleware/EncryptCookies.php
Parsing file:///home/egan06/pribadi/laravel/pdjarum/app/Http/Middleware/TrustHosts.php
Parsing file:///home/egan06/pribadi/laravel/pdjarum/app/Http/Middleware/TrimStrings.php
Parsing file:///home/egan06/pribadi/laravel/pdjarum/app/Http/Middleware/TrustProxies.php
Parsing file:///home/egan06/pribadi/laravel/pdjarum/app/Http/Middleware/Authenticate.php
Parsing file:///home/egan06/pribadi/laravel/pdjarum/app/Http/Middleware/RedirectIfAuthenticated.php
Parsing file:///home/egan06/pribadi/laravel/pdjarum/app/Http/Middleware/VerifyCsrfToken.php
Parsing file:///home/egan06/pribadi/laravel/pdjarum/app/Http/Livewire/MapLocation.php
Parsing file:///home/egan06/pribadi/laravel/pdjarum/app/Http/Controllers/HomeController.php
Parsing file:///home/egan06/pribadi/laravel/pdjarum/app/Http/Controllers/LocationController.php
Parsing file:///home/egan06/pribadi/laravel/pdjarum/app/Http/Controllers/Controller.php
Parsing file:///home/egan06/pribadi/laravel/pdjarum/app/Http/Controllers/AdminController.php
Parsing file:///home/egan06/pribadi/laravel/pdjarum/app/Http/Kernel.php
Parsing file:///home/egan06/pribadi/laravel/pdjarum/app/Console/Kernel.php
Parsing file:///home/egan06/pribadi/laravel/pdjarum/storage/framework/views/590f0b6d53cd4371e5c802a1619ba46b2107f21d.php
Parsing file:///home/egan06/pribadi/laravel/pdjarum/storage/framework/views/b9f13c7241172e01ec5d59ff10f6f9e43d8668b1.php
Parsing file:///home/egan06/pribadi/laravel/pdjarum/storage/framework/views/a5548888215a945a52c25b9c66e868a9e54ab2a0.php
Parsing file:///home/egan06/pribadi/laravel/pdjarum/storage/framework/views/cfd03d803ac769be71d1946546189a68cea8fc53.php
Parsing file:///home/egan06/pribadi/laravel/pdjarum/storage/framework/views/f3b05e44d19dbaea5bf09f6803ba0bcf5147bd16.php
Parsing file:///home/egan06/pribadi/laravel/pdjarum/storage/framework/views/27caee8f8974cfb132e0aa6f8747ac5679e71224.php
Parsing file:///home/egan06/pribadi/laravel/pdjarum/storage/framework/views/9bc37ff07bd2a1ab61005bbf4fd44480fe1341a5.php
Parsing file:///home/egan06/pribadi/laravel/pdjarum/storage/framework/views/9605378a7e7028f3f070fa02d2a147a02c9c5601.php
Parsing file:///home/egan06/pribadi/laravel/pdjarum/storage/framework/views/c02f3e394bbc16f8fc9c82b32afac30669f0f9af.php
Parsing file:///home/egan06/pribadi/laravel/pdjarum/storage/framework/views/457f8abfe6845bcc66b2c1511cd912342549fb6e.php
Parsing file:///home/egan06/pribadi/laravel/pdjarum/storage/framework/views/f54d8050036a2b40e0a02f2d17856779cb3cb17c.php
Parsing file:///home/egan06/pribadi/laravel/pdjarum/storage/framework/views/d5413634ade516582878cb51dbafbbfc4ab5d8ef.php
Parsing file:///home/egan06/pribadi/laravel/pdjarum/storage/framework/views/f8da8a6fb1f6d3502362305f2c55501b134cf888.php
Parsing file:///home/egan06/pribadi/laravel/pdjarum/storage/framework/views/d38a59b6c1b945ad773f71d04a58eec86f70312f.php
Parsing file:///home/egan06/pribadi/laravel/pdjarum/storage/framework/views/da01696cbe268fc5386489cb28ee39d3467276a9.php
Parsing file:///home/egan06/pribadi/laravel/pdjarum/storage/framework/views/c0fe35bafe8c690ff821429b0060246132bd085b.php
Parsing file:///home/egan06/pribadi/laravel/pdjarum/storage/framework/views/4f3526b2dec18b2d86b23c56804a53b3a999c3f4.php
Parsing file:///home/egan06/pribadi/laravel/pdjarum/storage/framework/views/6d4326db543178f0802ef299c941b8e126331a83.php
Parsing file:///home/egan06/pribadi/laravel/pdjarum/storage/framework/views/69d7e64807cafb30c146e4bc94c75722133f5b15.php
Parsing file:///home/egan06/pribadi/laravel/pdjarum/storage/framework/views/0cbc6f15dc36302581ae59b1781dc55073dbb619.php
Parsing file:///home/egan06/pribadi/laravel/pdjarum/storage/framework/views/974d5d34ecac8f057a07883ae1d95b93ab0d57cf.php
Parsing file:///home/egan06/pribadi/laravel/pdjarum/storage/framework/views/aca1e91a3d072c12d4fe44c13cf8854cbf5cb4e7.php
Parsing file:///home/egan06/pribadi/laravel/pdjarum/storage/framework/views/855a0202f7d93db43380a6fbc2323cdc19ba1818.php
Parsing file:///home/egan06/pribadi/laravel/pdjarum/storage/framework/views/30ff8a9d50778aa6b44720f9a39a976c3df2021b.php
Parsing file:///home/egan06/pribadi/laravel/pdjarum/storage/framework/views/51313c259f578b6d560fef862a67d64c4dc91f2b.php
Parsing file:///home/egan06/pribadi/laravel/pdjarum/storage/framework/views/cbf9287ec07cd59200bc24c2036f8110a4dfa717.php
Parsing file:///home/egan06/pribadi/laravel/pdjarum/storage/framework/views/adea60da17980198aefbad989248c80cc1045258.php
Parsing file:///home/egan06/pribadi/laravel/pdjarum/storage/framework/views/5abd0da39390b13903bd2c0f71bae6816bc00687.php
Parsing file:///home/egan06/pribadi/laravel/pdjarum/storage/framework/views/e886b1994b8220ad8809ec0213e1001de5440819.php
Parsing file:///home/egan06/pribadi/laravel/pdjarum/storage/framework/views/4b607cd12462699690a54793e46cb9f7391f6835.php
Parsing file:///home/egan06/pribadi/laravel/pdjarum/storage/framework/views/87e99fc626ad787919e353a3d053c7bad76aa370.php
Parsing file:///home/egan06/pribadi/laravel/pdjarum/storage/framework/views/155006cf4528103139604a01366cab0fdd2911b0.php
Parsing file:///home/egan06/pribadi/laravel/pdjarum/storage/framework/views/c9054cfc26d9908434338eff62d7ef19397c849f.php
Parsing file:///home/egan06/pribadi/laravel/pdjarum/storage/framework/views/1542cdce6a8518f55be199751745857ce591c63e.php
Parsing file:///home/egan06/pribadi/laravel/pdjarum/storage/framework/views/0eb33ec4f4168fa5cbcd0effaa36b45b91872286.php
Parsing file:///home/egan06/pribadi/laravel/pdjarum/storage/framework/views/4b4d87eada2203dcdc29fc50186c023f6dc2c50b.php
Parsing file:///home/egan06/pribadi/laravel/pdjarum/storage/framework/views/ff1236b64797ba814779689b95fde939ce7ec869.php
Parsing file:///home/egan06/pribadi/laravel/pdjarum/storage/framework/views/4d70921bca880c3dbee870f4285fbd528f623235.php
Parsing file:///home/egan06/pribadi/laravel/pdjarum/storage/framework/views/925a92ce6cf31c20c0b4388d94cac78db1521eb8.php
Parsing file:///home/egan06/pribadi/laravel/pdjarum/storage/framework/views/6cb8272bcf403eb83d3813ca935829de049f196c.php
Parsing file:///home/egan06/pribadi/laravel/pdjarum/storage/framework/views/41c4f9262e6c1041a33f5f89b11507ceb2fe0c70.php
Parsing file:///home/egan06/pribadi/laravel/pdjarum/storage/framework/views/7a33325b53a01bc66b9171946f0bb9169022edfc.php
Parsing file:///home/egan06/pribadi/laravel/pdjarum/storage/framework/views/d2f31d5dae2b70bd4b7277bd361b76a2e4c1dc41.php
Parsing file:///home/egan06/pribadi/laravel/pdjarum/storage/framework/views/16b5fa3578afe20ddae04b963291e265e4a540da.php
Parsing file:///home/egan06/pribadi/laravel/pdjarum/storage/framework/views/76ca7432dfc6e233829a8f3f9954d12cef4efd8d.php
Parsing file:///home/egan06/pribadi/laravel/pdjarum/storage/framework/views/e977736c1e68cda3ca0de3a05a7f54c2b0b4e0ca.php
Parsing file:///home/egan06/pribadi/laravel/pdjarum/storage/framework/views/87ee7aa2d4fd16b588cf33da39085e73610a2036.php
Parsing file:///home/egan06/pribadi/laravel/pdjarum/storage/framework/views/51927f9abe8e18e4a2c6e3b7cac1bea19e34cc05.php
Parsing file:///home/egan06/pribadi/laravel/pdjarum/storage/framework/views/303512284f19f1695c8479fe4744c9304ad7ed14.php
Parsing file:///home/egan06/pribadi/laravel/pdjarum/storage/framework/views/7bff44af90a8dd5c0e195610b7504a08f07d98e2.php
Parsing file:///home/egan06/pribadi/laravel/pdjarum/storage/framework/views/048af608a44dfd4b50ccce5298d585ace1637537.php
Parsing file:///home/egan06/pribadi/laravel/pdjarum/storage/framework/views/0c2081cd5e88497801c902108e9ea4e6da79eb39.php
Parsing file:///home/egan06/pribadi/laravel/pdjarum/storage/framework/views/3dcf751a7334ad15fbe6818829b8b03ae424c6bb.php
Parsing file:///home/egan06/pribadi/laravel/pdjarum/storage/framework/views/cca7e279799d9640dea9593cd91f6cafe3627b8f.php
Parsing file:///home/egan06/pribadi/laravel/pdjarum/storage/framework/views/7d61446f2d01f83e40502922189b3ff41e2134dc.php
Parsing file:///home/egan06/pribadi/laravel/pdjarum/storage/framework/views/891db2f5813a4a47d4976697180d8087f97a5360.php
Parsing file:///home/egan06/pribadi/laravel/pdjarum/storage/framework/views/e083d8abbbed996e6c059a2285e3aefc286d4976.php
Parsing file:///home/egan06/pribadi/laravel/pdjarum/storage/framework/views/7149c6470864b3a7b16ce2e14c6a636e31333885.php
Parsing file:///home/egan06/pribadi/laravel/pdjarum/storage/framework/views/1eeaaf18ede57a4646cb62b3c726129d3e760497.php
Parsing file:///home/egan06/pribadi/laravel/pdjarum/storage/framework/views/7663dd0cd699f375783ee5be45325799289e524b.php
Parsing file:///home/egan06/pribadi/laravel/pdjarum/storage/framework/views/a1af6e1578e3ba2290bd729a5b8a69d7bc021be4.php
Parsing file:///home/egan06/pribadi/laravel/pdjarum/storage/framework/views/d2804ff6447e39f9648c2be6724bd76611edc517.php
Parsing file:///home/egan06/pribadi/laravel/pdjarum/storage/framework/views/6533ad5d571ad6fe0d08bbd554414f26dccde81e.php
Parsing file:///home/egan06/pribadi/laravel/pdjarum/storage/framework/views/42b0038babb32abe35a91b3ec0deaacd4e0def46.php
Parsing file:///home/egan06/pribadi/laravel/pdjarum/storage/framework/views/52f53b5ec5b39b9facc0125ea4a26a4cd2b6ca3f.php
Parsing file:///home/egan06/pribadi/laravel/pdjarum/storage/framework/views/e06273e4e05d52b6c1cc56f0b5cc21c4b797f04a.php
Parsing file:///home/egan06/pribadi/laravel/pdjarum/storage/framework/views/fef804a0f81aab81feed6954844216bf31e44cdb.php
Parsing file:///home/egan06/pribadi/laravel/pdjarum/storage/framework/views/a79be42db94dd5ca7a810a836560da5fc5880d78.php
Parsing file:///home/egan06/pribadi/laravel/pdjarum/storage/framework/views/4a2f32c2891fe678265996ff09f724f0ee7626f0.php
Parsing file:///home/egan06/pribadi/laravel/pdjarum/storage/framework/views/057cc886dcf6dba7b90e80788a8b6d03ec0fd3a0.php
Parsing file:///home/egan06/pribadi/laravel/pdjarum/storage/framework/views/2fbaa8f0637c5b74af869df0e8407704abfe6064.php
Parsing file:///home/egan06/pribadi/laravel/pdjarum/storage/framework/views/4d92c19f60f167380274a67a1712a0e6fbdc7f9d.php
Parsing file:///home/egan06/pribadi/laravel/pdjarum/storage/framework/views/a8f4b3951873e10d79b605a50055e6aac32bb64a.php
Parsing file:///home/egan06/pribadi/laravel/pdjarum/storage/framework/views/77b4bb5af9991958285d3c37ec8d291ead1d53c7.php
Parsing file:///home/egan06/pribadi/laravel/pdjarum/storage/framework/views/4a39cb077b1d3bc46878508ae8b0669caece075d.php
Parsing file:///home/egan06/pribadi/laravel/pdjarum/storage/framework/views/793fc44de098b613cf133e25eb24f53b40c4b124.php
Parsing file:///home/egan06/pribadi/laravel/pdjarum/storage/framework/views/486ee01928636d926460377c747ea97261b276c2.php
Parsing file:///home/egan06/pribadi/laravel/pdjarum/storage/framework/views/2cdac8fa997e285055a08b42c3326a8027d7d03a.php
Parsing file:///home/egan06/pribadi/laravel/pdjarum/storage/framework/views/37d5829ef2b53b375b2d0978337352b028822adc.php
Parsing file:///home/egan06/pribadi/laravel/pdjarum/storage/framework/views/eed45b470066e38ee7886be1f3559b49f196527f.php
Parsing file:///home/egan06/pribadi/laravel/pdjarum/storage/framework/views/2ad8b5a3e6df3d362a6300786c5dec647320818b.php
Parsing file:///home/egan06/pribadi/laravel/pdjarum/storage/framework/views/dea49e0559ad4e48269d87508b9d53e8197d469e.php
Parsing file:///home/egan06/pribadi/laravel/pdjarum/storage/framework/views/f9a82bd3ff75a1b445e1d258013b9d88cf2a72a7.php
Parsing file:///home/egan06/pribadi/laravel/pdjarum/storage/framework/views/4931aa2c21cb3f58fb3cb5e97555fd0086008163.php
Parsing file:///home/egan06/pribadi/laravel/pdjarum/storage/framework/views/38081507a8cad36c10809f5959ae88f2408dd4af.php
Parsing file:///home/egan06/pribadi/laravel/pdjarum/storage/framework/views/5a5104274cbabc33dcd84a039678ff22c0f9c27f.php
Parsing file:///home/egan06/pribadi/laravel/pdjarum/storage/framework/views/5b7fa8eaaded9f37927ca1723a1bb3076f9fdcbf.php
Parsing file:///home/egan06/pribadi/laravel/pdjarum/storage/framework/views/04c662b9d53d81654d599ee479fc47c6ec4af9c0.php
Parsing file:///home/egan06/pribadi/laravel/pdjarum/storage/framework/views/1c268471623e6ce15cd7220fb641d8cc0987ed2a.php
Parsing file:///home/egan06/pribadi/laravel/pdjarum/storage/framework/views/65901c85350cf30544466fdc922dd3f39f7e7f89.php
Parsing file:///home/egan06/pribadi/laravel/pdjarum/storage/framework/views/896f33320307b94e6ad851c5b458030a0e47ad29.php
Parsing file:///home/egan06/pribadi/laravel/pdjarum/storage/framework/views/e7074233d1e50e67d8190238675db1cb6975f8d9.php
Parsing file:///home/egan06/pribadi/laravel/pdjarum/storage/framework/views/983ab1cf457f3a0f140a5626d3ae5a14de90990d.php
Parsing file:///home/egan06/pribadi/laravel/pdjarum/storage/framework/views/c57985cb9475fe15fab329be6dfb6b208e37870f.php
Parsing file:///home/egan06/pribadi/laravel/pdjarum/storage/framework/views/49fc87e3675485203d4d8e6f3b698751de206b24.php
Parsing file:///home/egan06/pribadi/laravel/pdjarum/storage/framework/views/b8347a7f5a1de374d6e85160a903c9fd99304d90.php
Parsing file:///home/egan06/pribadi/laravel/pdjarum/storage/framework/views/4f4ea340afedfb3f95278730ccf0783209649311.php
Parsing file:///home/egan06/pribadi/laravel/pdjarum/storage/framework/views/a287721ea48951f4f78d5cdd3b1e93860ab083fe.php
Parsing file:///home/egan06/pribadi/laravel/pdjarum/storage/framework/views/edbd1893492e9d1f608c32c3c4ffedf553cb424a.php
Parsing file:///home/egan06/pribadi/laravel/pdjarum/storage/framework/views/d7735bcf197e11141b6fca3c969ca9be40ff0e39.php
Parsing file:///home/egan06/pribadi/laravel/pdjarum/storage/framework/views/a6616ed1f31f0cf98524e4128206ba06502667e4.php
Parsing file:///home/egan06/pribadi/laravel/pdjarum/storage/framework/views/9f538d2ddcc3b8189e3d2581a9c7ad3b1b1312eb.php
Parsing file:///home/egan06/pribadi/laravel/pdjarum/storage/framework/views/db3ec48787e88d181c23e04ee6af4ed487478208.php
Parsing file:///home/egan06/pribadi/laravel/pdjarum/storage/framework/views/da61a96433e9fd460d73cb5a3932c46721d0baf6.php
Parsing file:///home/egan06/pribadi/laravel/pdjarum/storage/framework/views/f76be395ea4e562eacfb974a38cafb59b0ea00c3.php
Parsing file:///home/egan06/pribadi/laravel/pdjarum/storage/framework/views/a7aa690a5aad8992556ededfc6512b7279bff57a.php
Parsing file:///home/egan06/pribadi/laravel/pdjarum/storage/framework/views/b46fb9b3ba66495769d4ded8030eecc9a07caff5.php
Parsing file:///home/egan06/pribadi/laravel/pdjarum/storage/framework/views/9a1a0ff5806ed0ac2cacc8ca0574078dcbdf5243.php
Parsing file:///home/egan06/pribadi/laravel/pdjarum/storage/framework/views/9e519f685962798b21214f69fb4fcf886302d314.php
Parsing file:///home/egan06/pribadi/laravel/pdjarum/storage/framework/views/2b17fdd08aadad07feb741ca7cb4ce7f96c34831.php
Parsing file:///home/egan06/pribadi/laravel/pdjarum/storage/framework/views/05707b80bfcbd44eff041be4e88edf44959dc052.php
Parsing file:///home/egan06/pribadi/laravel/pdjarum/storage/framework/views/a1d9d4b83670c7a21b90a434ffba16971702cf48.php
Parsing file:///home/egan06/pribadi/laravel/pdjarum/storage/framework/views/75ace8cc3861369bed8892f36028165dd7464fcb.php
Parsing file:///home/egan06/pribadi/laravel/pdjarum/storage/framework/views/119a75957649353783f619ee6836a5db8c441dc0.php
Parsing file:///home/egan06/pribadi/laravel/pdjarum/storage/framework/views/4c3eb16da5864c6a277a695b5bb3dfab6598ff9e.php
Parsing file:///home/egan06/pribadi/laravel/pdjarum/storage/framework/views/7c6f712ded3fc805c0122567a2ac2acb677d1137.php
Parsing file:///home/egan06/pribadi/laravel/pdjarum/storage/framework/views/688357132f4c676c2fe124e17a33e8b933bceb9a.php
Parsing file:///home/egan06/pribadi/laravel/pdjarum/storage/framework/views/01e75f9ad4c9e2f2237e2486bc3c6fc83df5bf83.php
Parsing file:///home/egan06/pribadi/laravel/pdjarum/storage/framework/views/d8a1b770f37b77e68eab0d9e82704fcd6ece19a4.php
Parsing file:///home/egan06/pribadi/laravel/pdjarum/storage/framework/views/da9da12e17e7deeada7c43c002a744b42ddf06a2.php
Parsing file:///home/egan06/pribadi/laravel/pdjarum/storage/framework/views/48b7a381aa86d40ab1cde3563165cfae07c5dfe9.php
Parsing file:///home/egan06/pribadi/laravel/pdjarum/storage/framework/views/b148ee5afc2cd9a6b1808bbf540fc55bf5362e5a.php
Parsing file:///home/egan06/pribadi/laravel/pdjarum/storage/framework/views/c1254ab0f7eafdab8bfb39475b6adb19afe500f7.php
Parsing file:///home/egan06/pribadi/laravel/pdjarum/storage/framework/views/f4bbd454356c35ad1bcdd5ac3d79201a943c557c.php
Parsing file:///home/egan06/pribadi/laravel/pdjarum/storage/framework/views/5aa9ad5304418b20fe2ceb9a25cfcec3ef183b38.php
Parsing file:///home/egan06/pribadi/laravel/pdjarum/storage/framework/views/8032a523ab9a766d38b00005c91bdcd801758e87.php
Parsing file:///home/egan06/pribadi/laravel/pdjarum/storage/framework/views/7a17718b90f81a34edbc260a4f19a39b5f51ec3e.php
Parsing file:///home/egan06/pribadi/laravel/pdjarum/storage/framework/views/542f008adf48848e80c2ad2cd0614345a159f332.php
Parsing file:///home/egan06/pribadi/laravel/pdjarum/storage/framework/views/2dc810aa0ea2d5e839d04edfdf17819d102357bc.php
Parsing file:///home/egan06/pribadi/laravel/pdjarum/storage/framework/views/f7ed705552e34983b67d2786f91514f787c0dee5.php
Parsing file:///home/egan06/pribadi/laravel/pdjarum/storage/framework/views/43a21f690eb82a72f3dd518dab91162e5c1029cf.php
Parsing file:///home/egan06/pribadi/laravel/pdjarum/storage/framework/views/ba50651c72db665e0274f5956eb8a2506d3b4617.php
Parsing file:///home/egan06/pribadi/laravel/pdjarum/storage/framework/views/626e1ffce0ebe7e217c104d0c5a37a49bc104e02.php
Parsing file:///home/egan06/pribadi/laravel/pdjarum/storage/framework/views/d3bbe23022d757fbc4f27711a627a8f33fca83a4.php
Parsing file:///home/egan06/pribadi/laravel/pdjarum/storage/framework/views/b547f001fdf2ad810253c750945b393aa38e0598.php
Parsing file:///home/egan06/pribadi/laravel/pdjarum/storage/framework/views/8f46712540b4815ff14e47e14eaca6928d45c6cc.php
Parsing file:///home/egan06/pribadi/laravel/pdjarum/storage/framework/views/e849721d6b0b8bcb5747f8369627e6b041f71cc2.php
Parsing file:///home/egan06/pribadi/laravel/pdjarum/storage/framework/views/e73bea3e4398c9bae81030286d633ef47dfc46e1.php
Parsing file:///home/egan06/pribadi/laravel/pdjarum/storage/framework/views/e582982f81231ddba37c666fd26f43c774d59c25.php
Parsing file:///home/egan06/pribadi/laravel/pdjarum/storage/framework/views/4a73a4982ab8432a325f61d6b706ad85c33d9431.php
Parsing file:///home/egan06/pribadi/laravel/pdjarum/storage/framework/views/d435cedc18ea9631fbc42b7b0d653c672dd54d0a.php
Parsing file:///home/egan06/pribadi/laravel/pdjarum/storage/framework/views/08389d263d91391487078c47fd0ea5697158e882.php
Parsing file:///home/egan06/pribadi/laravel/pdjarum/storage/framework/views/fcc5b6e67c8f6a097bd69d9c6f997245efdbd275.php
Parsing file:///home/egan06/pribadi/laravel/pdjarum/storage/framework/views/e842a33fd1340f1bcea0c953a3682a55b7054e69.php
Parsing file:///home/egan06/pribadi/laravel/pdjarum/storage/framework/views/792f96377d5a3348bb89c572a9ba9d797c1c582b.php
Parsing file:///home/egan06/pribadi/laravel/pdjarum/storage/framework/views/73ba60ffe52f62f714e61c3265e743192cf54eee.php
Parsing file:///home/egan06/pribadi/laravel/pdjarum/storage/framework/views/1b9e8f86a454e0c7292553e1cd0d40678831040c.php
Parsing file:///home/egan06/pribadi/laravel/pdjarum/storage/framework/views/d2d1b8c5d1a9ac937c40bc596ec86dc584b8196b.php
Parsing file:///home/egan06/pribadi/laravel/pdjarum/storage/framework/views/d4bd2de2bc8a979a011aac3135274bc934bad445.php
Parsing file:///home/egan06/pribadi/laravel/pdjarum/storage/framework/views/2549eb4c025a0b810472c901d12f44b96845c469.php
Parsing file:///home/egan06/pribadi/laravel/pdjarum/storage/framework/views/4f040ff8758b5229531f7bf6f4bac8a2ae83d5c7.php
Parsing file:///home/egan06/pribadi/laravel/pdjarum/storage/framework/views/e06d1466915121c748b98946726b54f97ca0d05e.php
Parsing file:///home/egan06/pribadi/laravel/pdjarum/storage/framework/views/992da983c1e0ff5c48a8e3aef722019fbd1e1b65.php
Parsing file:///home/egan06/pribadi/laravel/pdjarum/storage/framework/views/9831fd4d58fb9ae78a07c1131a1b2b959dc08ec9.php
Parsing file:///home/egan06/pribadi/laravel/pdjarum/storage/framework/views/0ab2f6f344e96ec8bcecb8d6e58d1eeb27460390.php
Parsing file:///home/egan06/pribadi/laravel/pdjarum/storage/framework/views/fbe2bfc74143023a5b6f28cfd0ba181fd922252d.php
Parsing file:///home/egan06/pribadi/laravel/pdjarum/storage/framework/views/48810902af3a52be2766d2a2189a4c4d5376ec0b.php
Parsing file:///home/egan06/pribadi/laravel/pdjarum/storage/framework/views/7748860d164aac0cc512a9dafd8c69b3db25b669.php
Parsing file:///home/egan06/pribadi/laravel/pdjarum/storage/framework/views/fa884d4f2706942f7072eec9a646ab2ff72537e1.php
Parsing file:///home/egan06/pribadi/laravel/pdjarum/storage/framework/views/571fc29d1aaf3e06cd16faf4383153b55079f171.php
Parsing file:///home/egan06/pribadi/laravel/pdjarum/storage/framework/views/233713d6957d7c153f9426a0ae87fe1c9150437c.php
Parsing file:///home/egan06/pribadi/laravel/pdjarum/storage/framework/views/0c2617eda9cb443ad25d7b1c94e61f29f73f0939.php
Parsing file:///home/egan06/pribadi/laravel/pdjarum/storage/framework/views/4a742c1799f8d86e7bc0c7374fa5721367917580.php
Parsing file:///home/egan06/pribadi/laravel/pdjarum/storage/framework/views/8fdf75141310ce3288ab4ad95be8d6b0c04c097c.php
Parsing file:///home/egan06/pribadi/laravel/pdjarum/storage/framework/views/ba222ee6a7a89fbd81bc98f8e4bf7e7ae72aa217.php
Parsing file:///home/egan06/pribadi/laravel/pdjarum/storage/framework/views/9c27d2a6aaa37570995764d66f787e4db8d2778d.php
Parsing file:///home/egan06/pribadi/laravel/pdjarum/storage/framework/views/7e1b44df388d71a3f7aa995a0825809ba312e9a7.php
Parsing file:///home/egan06/pribadi/laravel/pdjarum/storage/framework/views/607b68424027f79084661bc81608cf6470a2a134.php
Parsing file:///home/egan06/pribadi/laravel/pdjarum/storage/framework/views/b61bc44236249a814eaa26bdaa75e90164f91987.php
Parsing file:///home/egan06/pribadi/laravel/pdjarum/storage/framework/views/5af7544786767d217c2fa54200941b97b91aa8b4.php
Parsing file:///home/egan06/pribadi/laravel/pdjarum/storage/framework/views/9062e6aa2f1a76c6bdd7017d9fbbbf3d27a48fbc.php
Parsing file:///home/egan06/pribadi/laravel/pdjarum/storage/framework/views/644791b20ac6845e4f37918c28e3ebad1a48ae43.php
Parsing file:///home/egan06/pribadi/laravel/pdjarum/storage/framework/views/c2a31e109f296af4915760e46e2ffdd0dbddb989.php
Parsing file:///home/egan06/pribadi/laravel/pdjarum/storage/framework/views/273954a1b4c540f787c2fed585544d3983720524.php
Parsing file:///home/egan06/pribadi/laravel/pdjarum/storage/framework/views/ccc35987fafe32e5d45e2aad62730efb9beec501.php
Parsing file:///home/egan06/pribadi/laravel/pdjarum/storage/framework/views/abe7bc5df84066cd16e0088e8a274907e5e85c6e.php
Parsing file:///home/egan06/pribadi/laravel/pdjarum/storage/framework/views/44aeff18136d709d6d6b37e34eaec6658b91e2fb.php
Parsing file:///home/egan06/pribadi/laravel/pdjarum/storage/framework/views/1605c10d7d3fad76c5dc1bcc299c3d0269aca325.php
Parsing file:///home/egan06/pribadi/laravel/pdjarum/config/view.php
Parsing file:///home/egan06/pribadi/laravel/pdjarum/config/hashing.php
Parsing file:///home/egan06/pribadi/laravel/pdjarum/config/googlemap.php
Parsing file:///home/egan06/pribadi/laravel/pdjarum/config/app.php
Parsing file:///home/egan06/pribadi/laravel/pdjarum/config/broadcasting.php
Parsing file:///home/egan06/pribadi/laravel/pdjarum/config/cors.php
Parsing file:///home/egan06/pribadi/laravel/pdjarum/config/database.php
Parsing file:///home/egan06/pribadi/laravel/pdjarum/config/filesystems.php
Parsing file:///home/egan06/pribadi/laravel/pdjarum/config/session.php
Parsing file:///home/egan06/pribadi/laravel/pdjarum/config/cache.php
Parsing file:///home/egan06/pribadi/laravel/pdjarum/config/queue.php
Parsing file:///home/egan06/pribadi/laravel/pdjarum/config/auth.php
Parsing file:///home/egan06/pribadi/laravel/pdjarum/config/logging.php
Parsing file:///home/egan06/pribadi/laravel/pdjarum/config/mail.php
Parsing file:///home/egan06/pribadi/laravel/pdjarum/config/fortify.php
Parsing file:///home/egan06/pribadi/laravel/pdjarum/config/sanctum.php
Parsing file:///home/egan06/pribadi/laravel/pdjarum/config/jetstream.php
Parsing file:///home/egan06/pribadi/laravel/pdjarum/config/services.php
[Info  - 2:15:04 PM] 123 Packages
[Info  - 2:15:04 PM] Restored phpoption/phpoption:1.8.0 from cache
[Info  - 2:15:04 PM] Restored psr/http-factory:1.0.1 from cache
[Info  - 2:15:04 PM] Restored psr/event-dispatcher:1.0.0 from cache
[Info  - 2:15:04 PM] Restored psr/simple-cache:1.0.1 from cache
[Info  - 2:15:04 PM] Restored psr/http-client:1.0.1 from cache
[Info  - 2:15:04 PM] Restored psr/log:1.1.4 from cache
[Info  - 2:15:04 PM] Restored psr/container:1.1.1 from cache
[Info  - 2:15:04 PM] Restored psr/http-message:1.0.1 from cache
[Info  - 2:15:04 PM] Restored bacon/bacon-qr-code:2.0.4 from cache
[Info  - 2:15:04 PM] Restored ralouphie/getallheaders:3.0.3 from cache
[Info  - 2:15:04 PM] Restored phpunit/phpunit:9.5.10 from cache
[Info  - 2:15:04 PM] Restored phpunit/php-code-coverage:9.2.8 from cache
[Info  - 2:15:04 PM] Restored phpunit/php-invoker:3.1.1 from cache
[Info  - 2:15:04 PM] Restored phpunit/php-file-iterator:3.0.5 from cache
[Info  - 2:15:04 PM] Restored phpunit/php-text-template:2.0.4 from cache
[Info  - 2:15:04 PM] Restored phpunit/php-timer:5.0.3 from cache
[Info  - 2:15:04 PM] Restored jenssegers/agent:2.6.4 from cache
[Info  - 2:15:04 PM] Restored pragmarx/google2fa:8.0.0 from cache
[Info  - 2:15:04 PM] Restored doctrine/instantiator:1.4.0 from cache
[Info  - 2:15:04 PM] Restored doctrine/lexer:1.2.1 from cache
[Info  - 2:15:04 PM] Restored doctrine/inflector:2.0.4 from cache
[Info  - 2:15:04 PM] Restored league/flysystem:1.1.5 from cache
[Info  - 2:15:04 PM] Restored league/mime-type-detection:1.8.0 from cache
[Info  - 2:15:04 PM] Restored league/commonmark:2.0.2 from cache
[Info  - 2:15:04 PM] Restored league/config:1.1.1 from cache
[Info  - 2:15:04 PM] Restored fideloper/proxy:4.4.1 from cache
[Info  - 2:15:04 PM] Restored ramsey/collection:1.2.2 from cache
[Info  - 2:15:04 PM] Restored ramsey/uuid:4.2.3 from cache
[Info  - 2:15:04 PM] Restored phpspec/prophecy:1.14.0 from cache
[Info  - 2:15:04 PM] Restored guzzlehttp/guzzle:7.4.0 from cache
[Info  - 2:15:04 PM] Restored guzzlehttp/psr7:2.1.0 from cache
[Info  - 2:15:04 PM] Restored guzzlehttp/promises:1.5.1 from cache
[Info  - 2:15:04 PM] Restored mobiledetect/mobiledetectlib:2.8.37 from cache
[Info  - 2:15:04 PM] Restored asm89/stack-cors:2.0.3 from cache
[Info  - 2:15:04 PM] Restored laravel/tinker:2.6.2 from cache
[Info  - 2:15:04 PM] Restored laravel/jetstream:2.4.4 from cache
[Info  - 2:15:04 PM] Restored laravel/ui:3.3.2 from cache
[Info  - 2:15:04 PM] Restored laravel/sanctum:2.12.1 from cache
[Info  - 2:15:05 PM] Restored laravel/serializable-closure:1.0.3 from cache
[Info  - 2:15:05 PM] Restored laravel/framework:8.69.0 from cache
[Info  - 2:15:05 PM] Restored laravel/fortify:1.8.3 from cache
[Info  - 2:15:05 PM] Restored laravel/sail:1.12.2 from cache
[Info  - 2:15:05 PM] Restored webmozart/assert:1.10.0 from cache
[Info  - 2:15:05 PM] Restored livewire/livewire:2.7.2 from cache
[Info  - 2:15:05 PM] Restored symfony/css-selector:5.3.4 from cache
[Info  - 2:15:05 PM] Restored symfony/translation-contracts:2.4.0 from cache
[Info  - 2:15:05 PM] Restored symfony/process:5.3.7 from cache
[Info  - 2:15:05 PM] Restored symfony/mime:5.3.8 from cache
[Info  - 2:15:05 PM] Restored symfony/error-handler:5.3.7 from cache
[Info  - 2:15:05 PM] Restored symfony/service-contracts:2.4.0 from cache
[Info  - 2:15:05 PM] Restored symfony/polyfill-php72:1.23.0 from cache
[Info  - 2:15:05 PM] Restored symfony/http-client-contracts:2.4.0 from cache
[Info  - 2:15:05 PM] Restored symfony/polyfill-intl-normalizer:1.23.0 from cache
[Info  - 2:15:05 PM] Restored symfony/polyfill-php80:1.23.1 from cache
[Info  - 2:15:05 PM] Restored symfony/event-dispatcher:5.3.7 from cache
[Info  - 2:15:05 PM] Restored symfony/console:5.3.10 from cache
[Info  - 2:15:05 PM] Restored symfony/event-dispatcher-contracts:2.4.0 from cache
[Info  - 2:15:05 PM] Restored symfony/routing:5.3.7 from cache
[Info  - 2:15:05 PM] Restored symfony/polyfill-mbstring:1.23.1 from cache
[Info  - 2:15:05 PM] Restored symfony/http-kernel:5.3.10 from cache
[Info  - 2:15:05 PM] Restored symfony/polyfill-ctype:1.23.0 from cache
[Info  - 2:15:05 PM] Restored symfony/polyfill-intl-idn:1.23.0 from cache
[Info  - 2:15:05 PM] Restored symfony/polyfill-php81:1.23.0 from cache
[Info  - 2:15:05 PM] Restored symfony/http-foundation:5.3.10 from cache
[Info  - 2:15:05 PM] Restored symfony/deprecation-contracts:2.4.0 from cache
[Info  - 2:15:05 PM] Restored symfony/polyfill-intl-grapheme:1.23.1 from cache
[Info  - 2:15:05 PM] Restored symfony/polyfill-php73:1.23.0 from cache
[Info  - 2:15:05 PM] Restored symfony/finder:5.3.7 from cache
[Info  - 2:15:05 PM] Restored symfony/var-dumper:5.3.10 from cache
[Info  - 2:15:05 PM] Restored symfony/polyfill-iconv:1.23.0 from cache
[Info  - 2:15:05 PM] Restored symfony/string:5.3.10 from cache
[Info  - 2:15:05 PM] Restored symfony/translation:5.3.10 from cache
[Info  - 2:15:05 PM] Restored fruitcake/laravel-cors:2.0.4 from cache
[Info  - 2:15:05 PM] Restored mockery/mockery:1.4.4 from cache
[Info  - 2:15:05 PM] Restored jaybizzle/crawler-detect:1.2.107 from cache
[Info  - 2:15:05 PM] Restored nesbot/carbon:2.54.0 from cache
[Info  - 2:15:05 PM] Restored fakerphp/faker:1.16.0 from cache
[Info  - 2:15:05 PM] Restored monolog/monolog:2.3.5 from cache
[Info  - 2:15:05 PM] Restored voku/portable-ascii:1.5.6 from cache
[Info  - 2:15:05 PM] Restored tijsverkoyen/css-to-inline-styles:2.2.3 from cache
[Info  - 2:15:05 PM] Restored phar-io/version:3.1.0 from cache
[Info  - 2:15:05 PM] Restored phar-io/manifest:2.0.3 from cache
[Info  - 2:15:05 PM] Restored psy/psysh:0.10.9 from cache
[Info  - 2:15:05 PM] Restored theseer/tokenizer:1.2.1 from cache
[Info  - 2:15:05 PM] Restored nikic/php-parser:4.13.0 from cache
[Info  - 2:15:05 PM] Restored phpdocumentor/type-resolver:1.5.1 from cache
[Info  - 2:15:05 PM] Restored phpdocumentor/reflection-common:2.2.0 from cache
[Info  - 2:15:05 PM] Restored phpdocumentor/reflection-docblock:5.3.0 from cache
[Info  - 2:15:05 PM] Restored opis/closure:3.6.2 from cache
[Info  - 2:15:05 PM] Restored dflydev/dot-access-data:3.0.1 from cache
[Info  - 2:15:05 PM] Restored sebastian/exporter:4.0.3 from cache
[Info  - 2:15:05 PM] Restored sebastian/lines-of-code:1.0.3 from cache
[Info  - 2:15:05 PM] Restored sebastian/type:2.3.4 from cache
[Info  - 2:15:05 PM] Restored sebastian/code-unit-reverse-lookup:2.0.3 from cache
[Info  - 2:15:05 PM] Restored sebastian/complexity:2.0.2 from cache
[Info  - 2:15:05 PM] Restored sebastian/diff:4.0.4 from cache
[Info  - 2:15:05 PM] Restored sebastian/comparator:4.0.6 from cache
[Info  - 2:15:05 PM] Restored sebastian/resource-operations:3.0.3 from cache
[Info  - 2:15:05 PM] Restored sebastian/cli-parser:1.0.1 from cache
[Info  - 2:15:05 PM] Restored sebastian/object-enumerator:4.0.4 from cache
[Info  - 2:15:05 PM] Restored sebastian/version:3.0.2 from cache
[Info  - 2:15:05 PM] Restored sebastian/global-state:5.0.3 from cache
[Info  - 2:15:05 PM] Restored sebastian/environment:5.1.3 from cache
[Info  - 2:15:05 PM] Restored sebastian/code-unit:1.0.8 from cache
[Info  - 2:15:05 PM] Restored sebastian/recursion-context:4.0.4 from cache
[Info  - 2:15:05 PM] Restored sebastian/object-reflector:2.0.4 from cache
[Info  - 2:15:05 PM] Restored dasprid/enum:1.0.3 from cache
[Info  - 2:15:05 PM] Restored nunomaduro/collision:5.10.0 from cache
[Info  - 2:15:05 PM] Restored nette/schema:1.2.2 from cache
[Info  - 2:15:05 PM] Restored nette/utils:3.2.5 from cache
[Info  - 2:15:05 PM] Restored paragonie/constant_time_encoding:2.4.0 from cache
[Info  - 2:15:05 PM] Restored brick/math:0.9.3 from cache
[Info  - 2:15:05 PM] Restored hamcrest/hamcrest-php:2.0.1 from cache
[Info  - 2:15:05 PM] Restored vlucas/phpdotenv:5.3.1 from cache
[Info  - 2:15:05 PM] Restored facade/flare-client-php:1.9.1 from cache
[Info  - 2:15:05 PM] Restored facade/ignition:2.16.0 from cache
[Info  - 2:15:05 PM] Restored facade/ignition-contracts:1.0.2 from cache
[Info  - 2:15:05 PM] Restored graham-campbell/result-type:1.0.3 from cache
[Info  - 2:15:05 PM] Restored myclabs/deep-copy:1.10.2 from cache
[Info  - 2:15:05 PM] Restored egulias/email-validator:2.1.25 from cache
[Info  - 2:15:05 PM] Restored dragonmantank/cron-expression:3.1.0 from cache
[Info  - 2:15:05 PM] Restored filp/whoops:2.14.4 from cache
[Info  - 2:15:05 PM] Restored swiftmailer/swiftmailer:6.3.0 from cache
[Info  - 2:15:05 PM] All 7340 PHP files parsed in 15 seconds. 517 MiB allocated.
